2024-06-21 20:04:49,906 - root - INFO - The bot reached to the site successfully
2024-06-21 20:04:49,980 - root - INFO - The form was filled now solve the human authentication! 
2024-06-21 20:05:39,991 - root - ERROR - Unable to find  inquiry page: Page.wait_for_selector: Timeout 50000ms exceeded.
Call log:
waiting for locator("//td[@class=\"dxgvHeader\"]") to be visible
 
2024-06-21 20:06:00,484 - root - ERROR - The Text content was not founded, Error: list index out of range
2024-06-21 20:06:06,276 - root - ERROR - The Text content was not founded, Error: list index out of range
2024-06-21 20:06:36,294 - root - ERROR - There was an error finding or clicking detail link error: Locator.click: Timeout 30000ms exceeded.
Call log:
waiting for locator("//td[@class=\"dxpcCloseButton\"]")
 
2024-06-21 20:06:51,943 - root - ERROR - The Text content was not founded, Error: list index out of range
2024-06-21 20:06:56,324 - root - ERROR - The Text content was not founded, Error: list index out of range
2024-06-21 20:07:26,335 - root - ERROR - There was an error finding or clicking detail link error: Locator.click: Timeout 30000ms exceeded.
Call log:
waiting for locator("//td[@class=\"dxpcCloseButton\"]")
  -   locator resolved to <td class="dxpcCloseButton" onmousedown="return aspx…>…</td>
  - attempting click action
  -   waiting for element to be visible, enabled and stable
  -   element is not visible
  - retrying click action, attempt #1
  -   waiting for element to be visible, enabled and stable
  -   element is not visible
  - retrying click action, attempt #2
  -   waiting 20ms
  -   waiting for element to be visible, enabled and stable
  -   element is not visible
  - retrying click action, attempt #3
  -   waiting 100ms
  -   waiting for element to be visible, enabled and stable
  -   element is not visible
  - retrying click action, attempt #4
  -   waiting 100ms
  -   waiting for element to be visible, enabled and stable
  -   element is not visible
  - retrying click action, attempt #5
  -   waiting 500ms
  -   waiting for element to be visible, enabled and stable
  -   element is not visible
  - retrying click action, attempt #6
  -   waiting 500ms
  -   waiting for element to be visible, enabled and stable
  -   element is not visible
  - retrying click action, attempt #7
  -   waiting 500ms
  -   waiting for element to be visible, enabled and stable
  -   element is not visible
  - retrying click action, attempt #8
  -   waiting 500ms
  -   waiting for element to be visible, enabled and stable
  -   element is not visible
  - retrying click action, attempt #9
  -   waiting 500ms
  -   waiting for element to be visible, enabled and stable
  -   element is not visible
  - retrying click action, attempt #10
  -   waiting 500ms
  -   waiting for element to be visible, enabled and stable
  -   element is not visible
  - retrying click action, attempt #11
  -   waiting 500ms
  -   waiting for element to be visible, enabled and stable
  -   element is not visible
  - retrying click action, attempt #12
  -   waiting 500ms
  -   waiting for element to be visible, enabled and stable
  -   element is not visible
  - retrying click action, attempt #13
  -   waiting 500ms
  -   waiting for element to be visible, enabled and stable
  -   element is not visible
  - retrying click action, attempt #14
  -   waiting 500ms
  -   waiting for element to be visible, enabled and stable
  -   element is not visible
  - retrying click action, attempt #15
  -   waiting 500ms
  -   waiting for element to be visible, enabled and stable
  -   element is not visible
  - retrying click action, attempt #16
  -   waiting 500ms
  -   waiting for element to be visible, enabled and stable
  -   element is not visible
  - retrying click action, attempt #17
  -   waiting 500ms
  -   waiting for element to be visible, enabled and stable
  -   element is not visible
  - retrying click action, attempt #18
  -   waiting 500ms
  -   waiting for element to be visible, enabled and stable
  -   element is not visible
  - retrying click action, attempt #19
  -   waiting 500ms
  -   waiting for element to be visible, enabled and stable
  -   element is not visible
  - retrying click action, attempt #20
  -   waiting 500ms
  -   waiting for element to be visible, enabled and stable
  -   element is not visible
  - retrying click action, attempt #21
  -   waiting 500ms
  -   waiting for element to be visible, enabled and stable
  -   element is not visible
  - retrying click action, attempt #22
  -   waiting 500ms
  -   waiting for element to be visible, enabled and stable
  -   element is not visible
  - retrying click action, attempt #23
  -   waiting 500ms
  -   waiting for element to be visible, enabled and stable
  -   element is not visible
  - retrying click action, attempt #24
  -   waiting 500ms
  -   waiting for element to be visible, enabled and stable
  -   element is not visible
  - retrying click action, attempt #25
  -   waiting 500ms
  -   waiting for element to be visible, enabled and stable
  -   element is not visible
  - retrying click action, attempt #26
  -   waiting 500ms
  -   waiting for element to be visible, enabled and stable
  -   element is not visible
  - retrying click action, attempt #27
  -   waiting 500ms
  -   waiting for element to be visible, enabled and stable
  -   element is not visible
  - retrying click action, attempt #28
  -   waiting 500ms
  -   waiting for element to be visible, enabled and stable
  -   element is not visible
  - retrying click action, attempt #29
  -   waiting 500ms
  -   waiting for element to be visible, enabled and stable
  -   element is not visible
  - retrying click action, attempt #30
  -   waiting 500ms
  -   waiting for element to be visible, enabled and stable
  -   element is not visible
  - retrying click action, attempt #31
  -   waiting 500ms
  -   waiting for element to be visible, enabled and stable
  -   element is not visible
  - retrying click action, attempt #32
  -   waiting 500ms
  -   waiting for element to be visible, enabled and stable
  -   element is not visible
  - retrying click action, attempt #33
  -   waiting 500ms
  -   waiting for element to be visible, enabled and stable
  -   element is not visible
  - retrying click action, attempt #34
  -   waiting 500ms
  -   waiting for element to be visible, enabled and stable
  -   element is not visible
  - retrying click action, attempt #35
  -   waiting 500ms
  -   waiting for element to be visible, enabled and stable
  -   element is not visible
  - retrying click action, attempt #36
  -   waiting 500ms
  -   waiting for element to be visible, enabled and stable
  -   element is not visible
  - retrying click action, attempt #37
  -   waiting 500ms
  -   waiting for element to be visible, enabled and stable
  -   element is not visible
  - retrying click action, attempt #38
  -   waiting 500ms
  -   waiting for element to be visible, enabled and stable
  -   element is not visible
  - retrying click action, attempt #39
  -   waiting 500ms
  -   waiting for element to be visible, enabled and stable
  -   element is not visible
  - retrying click action, attempt #40
  -   waiting 500ms
  -   waiting for element to be visible, enabled and stable
  -   element is not visible
  - retrying click action, attempt #41
  -   waiting 500ms
  -   waiting for element to be visible, enabled and stable
  -   element is not visible
  - retrying click action, attempt #42
  -   waiting 500ms
  -   waiting for element to be visible, enabled and stable
  -   element is not visible
  - retrying click action, attempt #43
  -   waiting 500ms
  -   waiting for element to be visible, enabled and stable
  -   element is not visible
  - retrying click action, attempt #44
  -   waiting 500ms
  -   waiting for element to be visible, enabled and stable
  -   element is not visible
  - retrying click action, attempt #45
  -   waiting 500ms
  -   waiting for element to be visible, enabled and stable
  -   element is not visible
  - retrying click action, attempt #46
  -   waiting 500ms
  -   waiting for element to be visible, enabled and stable
  -   element is not visible
  - retrying click action, attempt #47
  -   waiting 500ms
  -   waiting for element to be visible, enabled and stable
  -   element is not visible
  - retrying click action, attempt #48
  -   waiting 500ms
  -   waiting for element to be visible, enabled and stable
  -   element is not visible
  - retrying click action, attempt #49
  -   waiting 500ms
  -   waiting for element to be visible, enabled and stable
  -   element is not visible
  - retrying click action, attempt #50
  -   waiting 500ms
  -   waiting for element to be visible, enabled and stable
  -   element is not visible
  - retrying click action, attempt #51
  -   waiting 500ms
  -   waiting for element to be visible, enabled and stable
  -   element is not visible
  - retrying click action, attempt #52
  -   waiting 500ms
 
2024-06-21 20:07:26,371 - root - ERROR - The Text content was not founded, Error: list index out of range
2024-06-21 20:07:56,387 - root - ERROR - There was an error finding or clicking detail link error: Locator.click: Timeout 30000ms exceeded.
Call log:
waiting for locator("//td[@class=\"dxpcCloseButton\"]")
  -   locator resolved to <td class="dxpcCloseButton" onmousedown="return aspx…>…</td>
  - attempting click action
  -   waiting for element to be visible, enabled and stable
  -   element is not visible
  - retrying click action, attempt #1
  -   waiting for element to be visible, enabled and stable
  -   element is not visible
  - retrying click action, attempt #2
  -   waiting 20ms
  -   waiting for element to be visible, enabled and stable
  -   element is not visible
  - retrying click action, attempt #3
  -   waiting 100ms
  -   waiting for element to be visible, enabled and stable
  -   element is not visible
  - retrying click action, attempt #4
  -   waiting 100ms
  -   waiting for element to be visible, enabled and stable
  -   element is not visible
  - retrying click action, attempt #5
  -   waiting 500ms
  -   waiting for element to be visible, enabled and stable
  -   element is not visible
  - retrying click action, attempt #6
  -   waiting 500ms
  -   waiting for element to be visible, enabled and stable
  -   element is not visible
  - retrying click action, attempt #7
  -   waiting 500ms
  -   waiting for element to be visible, enabled and stable
  -   element is not visible
  - retrying click action, attempt #8
  -   waiting 500ms
  -   waiting for element to be visible, enabled and stable
  -   element is not visible
  - retrying click action, attempt #9
  -   waiting 500ms
  -   waiting for element to be visible, enabled and stable
  -   element is not visible
  - retrying click action, attempt #10
  -   waiting 500ms
  -   waiting for element to be visible, enabled and stable
  -   element is not visible
  - retrying click action, attempt #11
  -   waiting 500ms
  -   waiting for element to be visible, enabled and stable
  -   element is not visible
  - retrying click action, attempt #12
  -   waiting 500ms
  -   waiting for element to be visible, enabled and stable
  -   element is not visible
  - retrying click action, attempt #13
  -   waiting 500ms
  -   waiting for element to be visible, enabled and stable
  -   element is not visible
  - retrying click action, attempt #14
  -   waiting 500ms
  -   waiting for element to be visible, enabled and stable
  -   element is not visible
  - retrying click action, attempt #15
  -   waiting 500ms
  -   waiting for element to be visible, enabled and stable
  -   element is not visible
  - retrying click action, attempt #16
  -   waiting 500ms
  -   waiting for element to be visible, enabled and stable
  -   element is not visible
  - retrying click action, attempt #17
  -   waiting 500ms
  -   waiting for element to be visible, enabled and stable
  -   element is not visible
  - retrying click action, attempt #18
  -   waiting 500ms
  -   waiting for element to be visible, enabled and stable
  -   element is not visible
  - retrying click action, attempt #19
  -   waiting 500ms
  -   waiting for element to be visible, enabled and stable
  -   element is not visible
  - retrying click action, attempt #20
  -   waiting 500ms
  -   waiting for element to be visible, enabled and stable
  -   element is not visible
  - retrying click action, attempt #21
  -   waiting 500ms
  -   waiting for element to be visible, enabled and stable
  -   element is not visible
  - retrying click action, attempt #22
  -   waiting 500ms
  -   waiting for element to be visible, enabled and stable
  -   element is not visible
  - retrying click action, attempt #23
  -   waiting 500ms
  -   waiting for element to be visible, enabled and stable
  -   element is not visible
  - retrying click action, attempt #24
  -   waiting 500ms
  -   waiting for element to be visible, enabled and stable
  -   element is not visible
  - retrying click action, attempt #25
  -   waiting 500ms
  -   waiting for element to be visible, enabled and stable
  -   element is not visible
  - retrying click action, attempt #26
  -   waiting 500ms
  -   waiting for element to be visible, enabled and stable
  -   element is not visible
  - retrying click action, attempt #27
  -   waiting 500ms
  -   waiting for element to be visible, enabled and stable
  -   element is not visible
  - retrying click action, attempt #28
  -   waiting 500ms
  -   waiting for element to be visible, enabled and stable
  -   element is not visible
  - retrying click action, attempt #29
  -   waiting 500ms
  -   waiting for element to be visible, enabled and stable
  -   element is not visible
  - retrying click action, attempt #30
  -   waiting 500ms
  -   waiting for element to be visible, enabled and stable
  -   element is not visible
  - retrying click action, attempt #31
  -   waiting 500ms
  -   waiting for element to be visible, enabled and stable
  -   element is not visible
  - retrying click action, attempt #32
  -   waiting 500ms
  -   waiting for element to be visible, enabled and stable
  -   element is not visible
  - retrying click action, attempt #33
  -   waiting 500ms
  -   waiting for element to be visible, enabled and stable
  -   element is not visible
  - retrying click action, attempt #34
  -   waiting 500ms
  -   waiting for element to be visible, enabled and stable
  -   element is not visible
  - retrying click action, attempt #35
  -   waiting 500ms
  -   waiting for element to be visible, enabled and stable
  -   element is not visible
  - retrying click action, attempt #36
  -   waiting 500ms
  -   waiting for element to be visible, enabled and stable
  -   element is not visible
  - retrying click action, attempt #37
  -   waiting 500ms
  -   waiting for element to be visible, enabled and stable
  -   element is not visible
  - retrying click action, attempt #38
  -   waiting 500ms
  -   waiting for element to be visible, enabled and stable
  -   element is not visible
  - retrying click action, attempt #39
  -   waiting 500ms
  -   waiting for element to be visible, enabled and stable
  -   element is not visible
  - retrying click action, attempt #40
  -   waiting 500ms
  -   waiting for element to be visible, enabled and stable
  -   element is not visible
  - retrying click action, attempt #41
  -   waiting 500ms
  -   waiting for element to be visible, enabled and stable
  -   element is not visible
  - retrying click action, attempt #42
  -   waiting 500ms
  -   waiting for element to be visible, enabled and stable
  -   element is not visible
  - retrying click action, attempt #43
  -   waiting 500ms
  -   waiting for element to be visible, enabled and stable
  -   element is not visible
  - retrying click action, attempt #44
  -   waiting 500ms
  -   waiting for element to be visible, enabled and stable
  -   element is not visible
  - retrying click action, attempt #45
  -   waiting 500ms
  -   waiting for element to be visible, enabled and stable
  -   element is not visible
  - retrying click action, attempt #46
  -   waiting 500ms
  -   waiting for element to be visible, enabled and stable
  -   element is not visible
  - retrying click action, attempt #47
  -   waiting 500ms
  -   waiting for element to be visible, enabled and stable
  -   element is not visible
  - retrying click action, attempt #48
  -   waiting 500ms
  -   waiting for element to be visible, enabled and stable
  -   element is not visible
  - retrying click action, attempt #49
  -   waiting 500ms
  -   waiting for element to be visible, enabled and stable
  -   element is not visible
  - retrying click action, attempt #50
  -   waiting 500ms
  -   waiting for element to be visible, enabled and stable
  -   element is not visible
  - retrying click action, attempt #51
  -   waiting 500ms
  -   waiting for element to be visible, enabled and stable
  -   element is not visible
  - retrying click action, attempt #52
  -   waiting 500ms
  -   waiting for element to be visible, enabled and stable
  -   element is not visible
  - retrying click action, attempt #53
  -   waiting 500ms
  -   waiting for element to be visible, enabled and stable
  -   element is not visible
  - retrying click action, attempt #54
  -   waiting 500ms
  -   waiting for element to be visible, enabled and stable
  -   element is not visible
  - retrying click action, attempt #55
  -   waiting 500ms
  -   waiting for element to be visible, enabled and stable
  -   element is not visible
  - retrying click action, attempt #56
  -   waiting 500ms
  -   waiting for element to be visible, enabled and stable
  -   element is not visible
  - retrying click action, attempt #57
  -   waiting 500ms
  -   waiting for element to be visible, enabled and stable
  -   element is not visible
  - retrying click action, attempt #58
  -   waiting 500ms
  -   waiting for element to be visible, enabled and stable
  -   element is not visible
  - retrying click action, attempt #59
  -   waiting 500ms
  -   waiting for element to be visible, enabled and stable
  -   element is not visible
  - retrying click action, attempt #60
  -   waiting 500ms
  -   waiting for element to be visible, enabled and stable
  -   element is not visible
  - retrying click action, attempt #61
  -   waiting 500ms
  -   waiting for element to be visible, enabled and stable
  -   element is not visible
  - retrying click action, attempt #62
  -   waiting 500ms
 
2024-06-21 20:07:56,429 - root - ERROR - The Text content was not founded, Error: list index out of range
2024-06-21 20:08:26,440 - root - ERROR - There was an error finding or clicking detail link error: Locator.click: Timeout 30000ms exceeded.
Call log:
waiting for locator("//td[@class=\"dxpcCloseButton\"]")
  -   locator resolved to <td class="dxpcCloseButton" onmousedown="return aspx…>…</td>
  - attempting click action
  -   waiting for element to be visible, enabled and stable
  -   element is not visible
  - retrying click action, attempt #1
  -   waiting for element to be visible, enabled and stable
  -   element is not visible
  - retrying click action, attempt #2
  -   waiting 20ms
  -   waiting for element to be visible, enabled and stable
  -   element is not visible
  - retrying click action, attempt #3
  -   waiting 100ms
  -   waiting for element to be visible, enabled and stable
  -   element is not visible
  - retrying click action, attempt #4
  -   waiting 100ms
  -   waiting for element to be visible, enabled and stable
  -   element is not visible
  - retrying click action, attempt #5
  -   waiting 500ms
  -   waiting for element to be visible, enabled and stable
  -   element is not visible
  - retrying click action, attempt #6
  -   waiting 500ms
  -   waiting for element to be visible, enabled and stable
  -   element is not visible
  - retrying click action, attempt #7
  -   waiting 500ms
  -   waiting for element to be visible, enabled and stable
  -   element is not visible
  - retrying click action, attempt #8
  -   waiting 500ms
  -   waiting for element to be visible, enabled and stable
  -   element is not visible
  - retrying click action, attempt #9
  -   waiting 500ms
  -   waiting for element to be visible, enabled and stable
  -   element is not visible
  - retrying click action, attempt #10
  -   waiting 500ms
  -   waiting for element to be visible, enabled and stable
  -   element is not visible
  - retrying click action, attempt #11
  -   waiting 500ms
  -   waiting for element to be visible, enabled and stable
  -   element is not visible
  - retrying click action, attempt #12
  -   waiting 500ms
  -   waiting for element to be visible, enabled and stable
  -   element is not visible
  - retrying click action, attempt #13
  -   waiting 500ms
  -   waiting for element to be visible, enabled and stable
  -   element is not visible
  - retrying click action, attempt #14
  -   waiting 500ms
  -   waiting for element to be visible, enabled and stable
  -   element is not visible
  - retrying click action, attempt #15
  -   waiting 500ms
  -   waiting for element to be visible, enabled and stable
  -   element is not visible
  - retrying click action, attempt #16
  -   waiting 500ms
  -   waiting for element to be visible, enabled and stable
  -   element is not visible
  - retrying click action, attempt #17
  -   waiting 500ms
  -   waiting for element to be visible, enabled and stable
  -   element is not visible
  - retrying click action, attempt #18
  -   waiting 500ms
  -   waiting for element to be visible, enabled and stable
  -   element is not visible
  - retrying click action, attempt #19
  -   waiting 500ms
  -   waiting for element to be visible, enabled and stable
  -   element is not visible
  - retrying click action, attempt #20
  -   waiting 500ms
  -   waiting for element to be visible, enabled and stable
  -   element is not visible
  - retrying click action, attempt #21
  -   waiting 500ms
  -   waiting for element to be visible, enabled and stable
  -   element is not visible
  - retrying click action, attempt #22
  -   waiting 500ms
  -   waiting for element to be visible, enabled and stable
  -   element is not visible
  - retrying click action, attempt #23
  -   waiting 500ms
  -   waiting for element to be visible, enabled and stable
  -   element is not visible
  - retrying click action, attempt #24
  -   waiting 500ms
  -   waiting for element to be visible, enabled and stable
  -   element is not visible
  - retrying click action, attempt #25
  -   waiting 500ms
  -   waiting for element to be visible, enabled and stable
  -   element is not visible
  - retrying click action, attempt #26
  -   waiting 500ms
  -   waiting for element to be visible, enabled and stable
  -   element is not visible
  - retrying click action, attempt #27
  -   waiting 500ms
  -   waiting for element to be visible, enabled and stable
  -   element is not visible
  - retrying click action, attempt #28
  -   waiting 500ms
  -   waiting for element to be visible, enabled and stable
  -   element is not visible
  - retrying click action, attempt #29
  -   waiting 500ms
  -   waiting for element to be visible, enabled and stable
  -   element is not visible
  - retrying click action, attempt #30
  -   waiting 500ms
  -   waiting for element to be visible, enabled and stable
  -   element is not visible
  - retrying click action, attempt #31
  -   waiting 500ms
  -   waiting for element to be visible, enabled and stable
  -   element is not visible
  - retrying click action, attempt #32
  -   waiting 500ms
  -   waiting for element to be visible, enabled and stable
  -   element is not visible
  - retrying click action, attempt #33
  -   waiting 500ms
  -   waiting for element to be visible, enabled and stable
  -   element is not visible
  - retrying click action, attempt #34
  -   waiting 500ms
  -   waiting for element to be visible, enabled and stable
  -   element is not visible
  - retrying click action, attempt #35
  -   waiting 500ms
  -   waiting for element to be visible, enabled and stable
  -   element is not visible
  - retrying click action, attempt #36
  -   waiting 500ms
  -   waiting for element to be visible, enabled and stable
  -   element is not visible
  - retrying click action, attempt #37
  -   waiting 500ms
  -   waiting for element to be visible, enabled and stable
  -   element is not visible
  - retrying click action, attempt #38
  -   waiting 500ms
  -   waiting for element to be visible, enabled and stable
  -   element is not visible
  - retrying click action, attempt #39
  -   waiting 500ms
  -   waiting for element to be visible, enabled and stable
  -   element is not visible
  - retrying click action, attempt #40
  -   waiting 500ms
  -   waiting for element to be visible, enabled and stable
  -   element is not visible
  - retrying click action, attempt #41
  -   waiting 500ms
  -   waiting for element to be visible, enabled and stable
  -   element is not visible
  - retrying click action, attempt #42
  -   waiting 500ms
  -   waiting for element to be visible, enabled and stable
  -   element is not visible
  - retrying click action, attempt #43
  -   waiting 500ms
  -   waiting for element to be visible, enabled and stable
  -   element is not visible
  - retrying click action, attempt #44
  -   waiting 500ms
  -   waiting for element to be visible, enabled and stable
  -   element is not visible
  - retrying click action, attempt #45
  -   waiting 500ms
  -   waiting for element to be visible, enabled and stable
  -   element is not visible
  - retrying click action, attempt #46
  -   waiting 500ms
  -   waiting for element to be visible, enabled and stable
  -   element is not visible
  - retrying click action, attempt #47
  -   waiting 500ms
  -   waiting for element to be visible, enabled and stable
  -   element is not visible
  - retrying click action, attempt #48
  -   waiting 500ms
  -   waiting for element to be visible, enabled and stable
  -   element is not visible
  - retrying click action, attempt #49
  -   waiting 500ms
  -   waiting for element to be visible, enabled and stable
  -   element is not visible
  - retrying click action, attempt #50
  -   waiting 500ms
  -   waiting for element to be visible, enabled and stable
  -   element is not visible
  - retrying click action, attempt #51
  -   waiting 500ms
  -   waiting for element to be visible, enabled and stable
  -   element is not visible
  - retrying click action, attempt #52
  -   waiting 500ms
  -   waiting for element to be visible, enabled and stable
  -   element is not visible
  - retrying click action, attempt #53
  -   waiting 500ms
  -   waiting for element to be visible, enabled and stable
  -   element is not visible
  - retrying click action, attempt #54
  -   waiting 500ms
  -   waiting for element to be visible, enabled and stable
  -   element is not visible
  - retrying click action, attempt #55
  -   waiting 500ms
  -   waiting for element to be visible, enabled and stable
  -   element is not visible
  - retrying click action, attempt #56
  -   waiting 500ms
  -   waiting for element to be visible, enabled and stable
  -   element is not visible
  - retrying click action, attempt #57
  -   waiting 500ms
  -   waiting for element to be visible, enabled and stable
  -   element is not visible
  - retrying click action, attempt #58
  -   waiting 500ms
  -   waiting for element to be visible, enabled and stable
  -   element is not visible
  - retrying click action, attempt #59
  -   waiting 500ms
  -   waiting for element to be visible, enabled and stable
  -   element is not visible
  - retrying click action, attempt #60
  -   waiting 500ms
  -   waiting for element to be visible, enabled and stable
  -   element is not visible
  - retrying click action, attempt #61
  -   waiting 500ms
  -   waiting for element to be visible, enabled and stable
  -   element is not visible
  - retrying click action, attempt #62
  -   waiting 500ms
 
2024-06-21 20:08:52,520 - root - ERROR - The Text content was not founded, Error: list index out of range
2024-06-21 20:08:59,456 - root - ERROR - The Text content was not founded, Error: list index out of range
2024-06-21 20:09:29,474 - root - ERROR - There was an error finding or clicking detail link error: Locator.click: Timeout 30000ms exceeded.
Call log:
waiting for locator("//td[@class=\"dxpcCloseButton\"]")
  -   locator resolved to <td class="dxpcCloseButton" onmousedown="return aspx…>…</td>
  - attempting click action
  -   waiting for element to be visible, enabled and stable
  -   element is not visible
  - retrying click action, attempt #1
  -   waiting for element to be visible, enabled and stable
  -   element is not visible
  - retrying click action, attempt #2
  -   waiting 20ms
  -   waiting for element to be visible, enabled and stable
  -   element is not visible
  - retrying click action, attempt #3
  -   waiting 100ms
  -   waiting for element to be visible, enabled and stable
  -   element is not visible
  - retrying click action, attempt #4
  -   waiting 100ms
  -   waiting for element to be visible, enabled and stable
  -   element is not visible
  - retrying click action, attempt #5
  -   waiting 500ms
  -   waiting for element to be visible, enabled and stable
  -   element is not visible
  - retrying click action, attempt #6
  -   waiting 500ms
  -   waiting for element to be visible, enabled and stable
  -   element is not visible
  - retrying click action, attempt #7
  -   waiting 500ms
  -   waiting for element to be visible, enabled and stable
  -   element is not visible
  - retrying click action, attempt #8
  -   waiting 500ms
  -   waiting for element to be visible, enabled and stable
  -   element is not visible
  - retrying click action, attempt #9
  -   waiting 500ms
  -   waiting for element to be visible, enabled and stable
  -   element is not visible
  - retrying click action, attempt #10
  -   waiting 500ms
  -   waiting for element to be visible, enabled and stable
  -   element is not visible
  - retrying click action, attempt #11
  -   waiting 500ms
  -   waiting for element to be visible, enabled and stable
  -   element is not visible
  - retrying click action, attempt #12
  -   waiting 500ms
  -   waiting for element to be visible, enabled and stable
  -   element is not visible
  - retrying click action, attempt #13
  -   waiting 500ms
  -   waiting for element to be visible, enabled and stable
  -   element is not visible
  - retrying click action, attempt #14
  -   waiting 500ms
  -   waiting for element to be visible, enabled and stable
  -   element is not visible
  - retrying click action, attempt #15
  -   waiting 500ms
  -   waiting for element to be visible, enabled and stable
  -   element is not visible
  - retrying click action, attempt #16
  -   waiting 500ms
  -   waiting for element to be visible, enabled and stable
  -   element is not visible
  - retrying click action, attempt #17
  -   waiting 500ms
  -   waiting for element to be visible, enabled and stable
  -   element is not visible
  - retrying click action, attempt #18
  -   waiting 500ms
  -   waiting for element to be visible, enabled and stable
  -   element is not visible
  - retrying click action, attempt #19
  -   waiting 500ms
  -   waiting for element to be visible, enabled and stable
  -   element is not visible
  - retrying click action, attempt #20
  -   waiting 500ms
  -   waiting for element to be visible, enabled and stable
  -   element is not visible
  - retrying click action, attempt #21
  -   waiting 500ms
  -   waiting for element to be visible, enabled and stable
  -   element is not visible
  - retrying click action, attempt #22
  -   waiting 500ms
  -   waiting for element to be visible, enabled and stable
  -   element is not visible
  - retrying click action, attempt #23
  -   waiting 500ms
  -   waiting for element to be visible, enabled and stable
  -   element is not visible
  - retrying click action, attempt #24
  -   waiting 500ms
  -   waiting for element to be visible, enabled and stable
  -   element is not visible
  - retrying click action, attempt #25
  -   waiting 500ms
  -   waiting for element to be visible, enabled and stable
  -   element is not visible
  - retrying click action, attempt #26
  -   waiting 500ms
  -   waiting for element to be visible, enabled and stable
  -   element is not visible
  - retrying click action, attempt #27
  -   waiting 500ms
  -   waiting for element to be visible, enabled and stable
  -   element is not visible
  - retrying click action, attempt #28
  -   waiting 500ms
  -   waiting for element to be visible, enabled and stable
  -   element is not visible
  - retrying click action, attempt #29
  -   waiting 500ms
  -   waiting for element to be visible, enabled and stable
  -   element is not visible
  - retrying click action, attempt #30
  -   waiting 500ms
  -   waiting for element to be visible, enabled and stable
  -   element is not visible
  - retrying click action, attempt #31
  -   waiting 500ms
  -   waiting for element to be visible, enabled and stable
  -   element is not visible
  - retrying click action, attempt #32
  -   waiting 500ms
  -   waiting for element to be visible, enabled and stable
  -   element is not visible
  - retrying click action, attempt #33
  -   waiting 500ms
  -   waiting for element to be visible, enabled and stable
  -   element is not visible
  - retrying click action, attempt #34
  -   waiting 500ms
  -   waiting for element to be visible, enabled and stable
  -   element is not visible
  - retrying click action, attempt #35
  -   waiting 500ms
  -   waiting for element to be visible, enabled and stable
  -   element is not visible
  - retrying click action, attempt #36
  -   waiting 500ms
  -   waiting for element to be visible, enabled and stable
  -   element is not visible
  - retrying click action, attempt #37
  -   waiting 500ms
  -   waiting for element to be visible, enabled and stable
  -   element is not visible
  - retrying click action, attempt #38
  -   waiting 500ms
  -   waiting for element to be visible, enabled and stable
  -   element is not visible
  - retrying click action, attempt #39
  -   waiting 500ms
  -   waiting for element to be visible, enabled and stable
  -   element is not visible
  - retrying click action, attempt #40
  -   waiting 500ms
  -   waiting for element to be visible, enabled and stable
  -   element is not visible
  - retrying click action, attempt #41
  -   waiting 500ms
  -   waiting for element to be visible, enabled and stable
  -   element is not visible
  - retrying click action, attempt #42
  -   waiting 500ms
  -   waiting for element to be visible, enabled and stable
  -   element is not visible
  - retrying click action, attempt #43
  -   waiting 500ms
  -   waiting for element to be visible, enabled and stable
  -   element is not visible
  - retrying click action, attempt #44
  -   waiting 500ms
  -   waiting for element to be visible, enabled and stable
  -   element is not visible
  - retrying click action, attempt #45
  -   waiting 500ms
 
2024-06-21 20:09:59,490 - root - ERROR - The Text content was not founded, Error: list index out of range
2024-06-21 20:10:06,562 - root - ERROR - The Text content was not founded, Error: list index out of range
2024-06-21 20:10:36,573 - root - ERROR - There was an error finding or clicking detail link error: Locator.click: Timeout 30000ms exceeded.
Call log:
waiting for locator("//td[@class=\"dxpcCloseButton\"]")
 
2024-06-21 20:10:48,644 - root - ERROR - The Text content was not founded, Error: list index out of range
2024-06-21 20:10:55,173 - root - ERROR - The Text content was not founded, Error: list index out of range
2024-06-21 20:11:25,186 - root - ERROR - There was an error finding or clicking detail link error: Locator.click: Timeout 30000ms exceeded.
Call log:
waiting for locator("//td[@class=\"dxpcCloseButton\"]")
  -   locator resolved to <td class="dxpcCloseButton" onmousedown="return aspx…>…</td>
  - attempting click action
  -   waiting for element to be visible, enabled and stable
  -   element is not visible
  - retrying click action, attempt #1
  -   waiting for element to be visible, enabled and stable
  -   element is not visible
  - retrying click action, attempt #2
  -   waiting 20ms
  -   waiting for element to be visible, enabled and stable
  -   element is not visible
  - retrying click action, attempt #3
  -   waiting 100ms
  -   waiting for element to be visible, enabled and stable
  -   element is not visible
  - retrying click action, attempt #4
  -   waiting 100ms
  -   waiting for element to be visible, enabled and stable
  -   element is not visible
  - retrying click action, attempt #5
  -   waiting 500ms
  -   waiting for element to be visible, enabled and stable
  -   element is not visible
  - retrying click action, attempt #6
  -   waiting 500ms
  -   waiting for element to be visible, enabled and stable
  -   element is not visible
  - retrying click action, attempt #7
  -   waiting 500ms
  -   waiting for element to be visible, enabled and stable
  -   element is not visible
  - retrying click action, attempt #8
  -   waiting 500ms
  -   waiting for element to be visible, enabled and stable
  -   element is not visible
  - retrying click action, attempt #9
  -   waiting 500ms
  -   waiting for element to be visible, enabled and stable
  -   element is not visible
  - retrying click action, attempt #10
  -   waiting 500ms
  -   waiting for element to be visible, enabled and stable
  -   element is not visible
  - retrying click action, attempt #11
  -   waiting 500ms
  -   waiting for element to be visible, enabled and stable
  -   element is not visible
  - retrying click action, attempt #12
  -   waiting 500ms
  -   waiting for element to be visible, enabled and stable
  -   element is not visible
  - retrying click action, attempt #13
  -   waiting 500ms
  -   waiting for element to be visible, enabled and stable
  -   element is not visible
  - retrying click action, attempt #14
  -   waiting 500ms
  -   waiting for element to be visible, enabled and stable
  -   element is not visible
  - retrying click action, attempt #15
  -   waiting 500ms
  -   waiting for element to be visible, enabled and stable
  -   element is not visible
  - retrying click action, attempt #16
  -   waiting 500ms
  -   waiting for element to be visible, enabled and stable
  -   element is not visible
  - retrying click action, attempt #17
  -   waiting 500ms
  -   waiting for element to be visible, enabled and stable
  -   element is not visible
  - retrying click action, attempt #18
  -   waiting 500ms
  -   waiting for element to be visible, enabled and stable
  -   element is not visible
  - retrying click action, attempt #19
  -   waiting 500ms
  -   waiting for element to be visible, enabled and stable
  -   element is not visible
  - retrying click action, attempt #20
  -   waiting 500ms
  -   waiting for element to be visible, enabled and stable
  -   element is not visible
  - retrying click action, attempt #21
  -   waiting 500ms
  -   waiting for element to be visible, enabled and stable
  -   element is not visible
  - retrying click action, attempt #22
  -   waiting 500ms
  -   waiting for element to be visible, enabled and stable
  -   element is not visible
  - retrying click action, attempt #23
  -   waiting 500ms
 
2024-06-21 20:11:25,228 - root - ERROR - The Text content was not founded, Error: list index out of range
2024-06-21 20:11:55,248 - root - ERROR - There was an error finding or clicking detail link error: Locator.click: Timeout 30000ms exceeded.
Call log:
waiting for locator("//td[@class=\"dxpcCloseButton\"]")
  -   locator resolved to <td class="dxpcCloseButton" onmousedown="return aspx…>…</td>
  - attempting click action
  -   waiting for element to be visible, enabled and stable
  -   element is not visible
  - retrying click action, attempt #1
  -   waiting for element to be visible, enabled and stable
  -   element is not visible
  - retrying click action, attempt #2
  -   waiting 20ms
  -   waiting for element to be visible, enabled and stable
  -   element is not visible
  - retrying click action, attempt #3
  -   waiting 100ms
  -   waiting for element to be visible, enabled and stable
  -   element is not visible
  - retrying click action, attempt #4
  -   waiting 100ms
  -   waiting for element to be visible, enabled and stable
  -   element is not visible
  - retrying click action, attempt #5
  -   waiting 500ms
  -   waiting for element to be visible, enabled and stable
  -   element is not visible
  - retrying click action, attempt #6
  -   waiting 500ms
  -   waiting for element to be visible, enabled and stable
  -   element is not visible
  - retrying click action, attempt #7
  -   waiting 500ms
  -   waiting for element to be visible, enabled and stable
  -   element is not visible
  - retrying click action, attempt #8
  -   waiting 500ms
  -   waiting for element to be visible, enabled and stable
  -   element is not visible
  - retrying click action, attempt #9
  -   waiting 500ms
  -   waiting for element to be visible, enabled and stable
  -   element is not visible
  - retrying click action, attempt #10
  -   waiting 500ms
  -   waiting for element to be visible, enabled and stable
  -   element is not visible
  - retrying click action, attempt #11
  -   waiting 500ms
  -   waiting for element to be visible, enabled and stable
  -   element is not visible
  - retrying click action, attempt #12
  -   waiting 500ms
  -   waiting for element to be visible, enabled and stable
  -   element is not visible
  - retrying click action, attempt #13
  -   waiting 500ms
  -   waiting for element to be visible, enabled and stable
  -   element is not visible
  - retrying click action, attempt #14
  -   waiting 500ms
  -   waiting for element to be visible, enabled and stable
  -   element is not visible
  - retrying click action, attempt #15
  -   waiting 500ms
  -   waiting for element to be visible, enabled and stable
  -   element is not visible
  - retrying click action, attempt #16
  -   waiting 500ms
  -   waiting for element to be visible, enabled and stable
  -   element is not visible
  - retrying click action, attempt #17
  -   waiting 500ms
  -   waiting for element to be visible, enabled and stable
  -   element is not visible
  - retrying click action, attempt #18
  -   waiting 500ms
  -   waiting for element to be visible, enabled and stable
  -   element is not visible
  - retrying click action, attempt #19
  -   waiting 500ms
  -   waiting for element to be visible, enabled and stable
  -   element is not visible
  - retrying click action, attempt #20
  -   waiting 500ms
  -   waiting for element to be visible, enabled and stable
  -   element is not visible
  - retrying click action, attempt #21
  -   waiting 500ms
  -   waiting for element to be visible, enabled and stable
  -   element is not visible
  - retrying click action, attempt #22
  -   waiting 500ms
  -   waiting for element to be visible, enabled and stable
  -   element is not visible
  - retrying click action, attempt #23
  -   waiting 500ms
  -   waiting for element to be visible, enabled and stable
  -   element is not visible
  - retrying click action, attempt #24
  -   waiting 500ms
  -   waiting for element to be visible, enabled and stable
  -   element is not visible
  - retrying click action, attempt #25
  -   waiting 500ms
  -   waiting for element to be visible, enabled and stable
  -   element is not visible
  - retrying click action, attempt #26
  -   waiting 500ms
  -   waiting for element to be visible, enabled and stable
  -   element is not visible
  - retrying click action, attempt #27
  -   waiting 500ms
  -   waiting for element to be visible, enabled and stable
  -   element is not visible
  - retrying click action, attempt #28
  -   waiting 500ms
  -   waiting for element to be visible, enabled and stable
  -   element is not visible
  - retrying click action, attempt #29
  -   waiting 500ms
  -   waiting for element to be visible, enabled and stable
  -   element is not visible
  - retrying click action, attempt #30
  -   waiting 500ms
  -   waiting for element to be visible, enabled and stable
  -   element is not visible
  - retrying click action, attempt #31
  -   waiting 500ms
  -   waiting for element to be visible, enabled and stable
  -   element is not visible
  - retrying click action, attempt #32
  -   waiting 500ms
  -   waiting for element to be visible, enabled and stable
  -   element is not visible
  - retrying click action, attempt #33
  -   waiting 500ms
  -   waiting for element to be visible, enabled and stable
  -   element is not visible
  - retrying click action, attempt #34
  -   waiting 500ms
  -   waiting for element to be visible, enabled and stable
  -   element is not visible
  - retrying click action, attempt #35
  -   waiting 500ms
  -   waiting for element to be visible, enabled and stable
  -   element is not visible
  - retrying click action, attempt #36
  -   waiting 500ms
  -   waiting for element to be visible, enabled and stable
  -   element is not visible
  - retrying click action, attempt #37
  -   waiting 500ms
  -   waiting for element to be visible, enabled and stable
  -   element is not visible
  - retrying click action, attempt #38
  -   waiting 500ms
  -   waiting for element to be visible, enabled and stable
  -   element is not visible
  - retrying click action, attempt #39
  -   waiting 500ms
  -   waiting for element to be visible, enabled and stable
  -   element is not visible
  - retrying click action, attempt #40
  -   waiting 500ms
  -   waiting for element to be visible, enabled and stable
  -   element is not visible
  - retrying click action, attempt #41
  -   waiting 500ms
  -   waiting for element to be visible, enabled and stable
  -   element is not visible
  - retrying click action, attempt #42
  -   waiting 500ms
  -   waiting for element to be visible, enabled and stable
  -   element is not visible
  - retrying click action, attempt #43
  -   waiting 500ms
  -   waiting for element to be visible, enabled and stable
  -   element is not visible
  - retrying click action, attempt #44
  -   waiting 500ms
  -   waiting for element to be visible, enabled and stable
  -   element is not visible
  - retrying click action, attempt #45
  -   waiting 500ms
  -   waiting for element to be visible, enabled and stable
  -   element is not visible
  - retrying click action, attempt #46
  -   waiting 500ms
  -   waiting for element to be visible, enabled and stable
  -   element is not visible
  - retrying click action, attempt #47
  -   waiting 500ms
  -   waiting for element to be visible, enabled and stable
  -   element is not visible
  - retrying click action, attempt #48
  -   waiting 500ms
  -   waiting for element to be visible, enabled and stable
  -   element is not visible
  - retrying click action, attempt #49
  -   waiting 500ms
  -   waiting for element to be visible, enabled and stable
  -   element is not visible
  - retrying click action, attempt #50
  -   waiting 500ms
  -   waiting for element to be visible, enabled and stable
  -   element is not visible
  - retrying click action, attempt #51
  -   waiting 500ms
  -   waiting for element to be visible, enabled and stable
  -   element is not visible
  - retrying click action, attempt #52
  -   waiting 500ms
  -   waiting for element to be visible, enabled and stable
  -   element is not visible
  - retrying click action, attempt #53
  -   waiting 500ms
  -   waiting for element to be visible, enabled and stable
  -   element is not visible
  - retrying click action, attempt #54
  -   waiting 500ms
  -   waiting for element to be visible, enabled and stable
  -   element is not visible
  - retrying click action, attempt #55
  -   waiting 500ms
  -   waiting for element to be visible, enabled and stable
  -   element is not visible
  - retrying click action, attempt #56
  -   waiting 500ms
  -   waiting for element to be visible, enabled and stable
  -   element is not visible
  - retrying click action, attempt #57
  -   waiting 500ms
  -   waiting for element to be visible, enabled and stable
  -   element is not visible
  - retrying click action, attempt #58
  -   waiting 500ms
  -   waiting for element to be visible, enabled and stable
  -   element is not visible
  - retrying click action, attempt #59
  -   waiting 500ms
  -   waiting for element to be visible, enabled and stable
  -   element is not visible
  - retrying click action, attempt #60
  -   waiting 500ms
  -   waiting for element to be visible, enabled and stable
  -   element is not visible
  - retrying click action, attempt #61
  -   waiting 500ms
  -   waiting for element to be visible, enabled and stable
  -   element is not visible
  - retrying click action, attempt #62
  -   waiting 500ms
 
2024-06-21 20:11:55,289 - root - ERROR - The Text content was not founded, Error: list index out of range
2024-06-21 20:12:25,299 - root - ERROR - There was an error finding or clicking detail link error: Locator.click: Timeout 30000ms exceeded.
Call log:
waiting for locator("//td[@class=\"dxpcCloseButton\"]")
  -   locator resolved to <td class="dxpcCloseButton" onmousedown="return aspx…>…</td>
  - attempting click action
  -   waiting for element to be visible, enabled and stable
  -   element is not visible
  - retrying click action, attempt #1
  -   waiting for element to be visible, enabled and stable
  -   element is not visible
  - retrying click action, attempt #2
  -   waiting 20ms
  -   waiting for element to be visible, enabled and stable
  -   element is not visible
  - retrying click action, attempt #3
  -   waiting 100ms
  -   waiting for element to be visible, enabled and stable
  -   element is not visible
  - retrying click action, attempt #4
  -   waiting 100ms
  -   waiting for element to be visible, enabled and stable
  -   element is not visible
  - retrying click action, attempt #5
  -   waiting 500ms
  -   waiting for element to be visible, enabled and stable
  -   element is not visible
  - retrying click action, attempt #6
  -   waiting 500ms
  -   waiting for element to be visible, enabled and stable
  -   element is not visible
  - retrying click action, attempt #7
  -   waiting 500ms
  -   waiting for element to be visible, enabled and stable
  -   element is not visible
  - retrying click action, attempt #8
  -   waiting 500ms
  -   waiting for element to be visible, enabled and stable
  -   element is not visible
  - retrying click action, attempt #9
  -   waiting 500ms
  -   waiting for element to be visible, enabled and stable
  -   element is not visible
  - retrying click action, attempt #10
  -   waiting 500ms
  -   waiting for element to be visible, enabled and stable
  -   element is not visible
  - retrying click action, attempt #11
  -   waiting 500ms
  -   waiting for element to be visible, enabled and stable
  -   element is not visible
  - retrying click action, attempt #12
  -   waiting 500ms
  -   waiting for element to be visible, enabled and stable
  -   element is not visible
  - retrying click action, attempt #13
  -   waiting 500ms
  -   waiting for element to be visible, enabled and stable
  -   element is not visible
  - retrying click action, attempt #14
  -   waiting 500ms
  -   waiting for element to be visible, enabled and stable
  -   element is not visible
  - retrying click action, attempt #15
  -   waiting 500ms
  -   waiting for element to be visible, enabled and stable
  -   element is not visible
  - retrying click action, attempt #16
  -   waiting 500ms
  -   waiting for element to be visible, enabled and stable
  -   element is not visible
  - retrying click action, attempt #17
  -   waiting 500ms
  -   waiting for element to be visible, enabled and stable
  -   element is not visible
  - retrying click action, attempt #18
  -   waiting 500ms
  -   waiting for element to be visible, enabled and stable
  -   element is not visible
  - retrying click action, attempt #19
  -   waiting 500ms
  -   waiting for element to be visible, enabled and stable
  -   element is not visible
  - retrying click action, attempt #20
  -   waiting 500ms
  -   waiting for element to be visible, enabled and stable
  -   element is not visible
  - retrying click action, attempt #21
  -   waiting 500ms
  -   waiting for element to be visible, enabled and stable
  -   element is not visible
  - retrying click action, attempt #22
  -   waiting 500ms
  -   waiting for element to be visible, enabled and stable
  -   element is not visible
  - retrying click action, attempt #23
  -   waiting 500ms
  -   waiting for element to be visible, enabled and stable
  -   element is not visible
  - retrying click action, attempt #24
  -   waiting 500ms
  -   waiting for element to be visible, enabled and stable
  -   element is not visible
  - retrying click action, attempt #25
  -   waiting 500ms
  -   waiting for element to be visible, enabled and stable
  -   element is not visible
  - retrying click action, attempt #26
  -   waiting 500ms
  -   waiting for element to be visible, enabled and stable
  -   element is not visible
  - retrying click action, attempt #27
  -   waiting 500ms
  -   waiting for element to be visible, enabled and stable
  -   element is not visible
  - retrying click action, attempt #28
  -   waiting 500ms
  -   waiting for element to be visible, enabled and stable
  -   element is not visible
  - retrying click action, attempt #29
  -   waiting 500ms
  -   waiting for element to be visible, enabled and stable
  -   element is not visible
  - retrying click action, attempt #30
  -   waiting 500ms
  -   waiting for element to be visible, enabled and stable
  -   element is not visible
  - retrying click action, attempt #31
  -   waiting 500ms
  -   waiting for element to be visible, enabled and stable
  -   element is not visible
  - retrying click action, attempt #32
  -   waiting 500ms
  -   waiting for element to be visible, enabled and stable
  -   element is not visible
  - retrying click action, attempt #33
  -   waiting 500ms
  -   waiting for element to be visible, enabled and stable
  -   element is not visible
  - retrying click action, attempt #34
  -   waiting 500ms
  -   waiting for element to be visible, enabled and stable
  -   element is not visible
  - retrying click action, attempt #35
  -   waiting 500ms
  -   waiting for element to be visible, enabled and stable
  -   element is not visible
  - retrying click action, attempt #36
  -   waiting 500ms
  -   waiting for element to be visible, enabled and stable
  -   element is not visible
  - retrying click action, attempt #37
  -   waiting 500ms
  -   waiting for element to be visible, enabled and stable
  -   element is not visible
  - retrying click action, attempt #38
  -   waiting 500ms
  -   waiting for element to be visible, enabled and stable
  -   element is not visible
  - retrying click action, attempt #39
  -   waiting 500ms
  -   waiting for element to be visible, enabled and stable
  -   element is not visible
  - retrying click action, attempt #40
  -   waiting 500ms
  -   waiting for element to be visible, enabled and stable
  -   element is not visible
  - retrying click action, attempt #41
  -   waiting 500ms
  -   waiting for element to be visible, enabled and stable
  -   element is not visible
  - retrying click action, attempt #42
  -   waiting 500ms
  -   waiting for element to be visible, enabled and stable
  -   element is not visible
  - retrying click action, attempt #43
  -   waiting 500ms
  -   waiting for element to be visible, enabled and stable
  -   element is not visible
  - retrying click action, attempt #44
  -   waiting 500ms
  -   waiting for element to be visible, enabled and stable
  -   element is not visible
  - retrying click action, attempt #45
  -   waiting 500ms
  -   waiting for element to be visible, enabled and stable
  -   element is not visible
  - retrying click action, attempt #46
  -   waiting 500ms
  -   waiting for element to be visible, enabled and stable
  -   element is not visible
  - retrying click action, attempt #47
  -   waiting 500ms
  -   waiting for element to be visible, enabled and stable
  -   element is not visible
  - retrying click action, attempt #48
  -   waiting 500ms
  -   waiting for element to be visible, enabled and stable
  -   element is not visible
  - retrying click action, attempt #49
  -   waiting 500ms
  -   waiting for element to be visible, enabled and stable
  -   element is not visible
  - retrying click action, attempt #50
  -   waiting 500ms
  -   waiting for element to be visible, enabled and stable
  -   element is not visible
  - retrying click action, attempt #51
  -   waiting 500ms
  -   waiting for element to be visible, enabled and stable
  -   element is not visible
  - retrying click action, attempt #52
  -   waiting 500ms
  -   waiting for element to be visible, enabled and stable
  -   element is not visible
  - retrying click action, attempt #53
  -   waiting 500ms
  -   waiting for element to be visible, enabled and stable
  -   element is not visible
  - retrying click action, attempt #54
  -   waiting 500ms
  -   waiting for element to be visible, enabled and stable
  -   element is not visible
  - retrying click action, attempt #55
  -   waiting 500ms
  -   waiting for element to be visible, enabled and stable
  -   element is not visible
  - retrying click action, attempt #56
  -   waiting 500ms
  -   waiting for element to be visible, enabled and stable
  -   element is not visible
  - retrying click action, attempt #57
  -   waiting 500ms
  -   waiting for element to be visible, enabled and stable
  -   element is not visible
  - retrying click action, attempt #58
  -   waiting 500ms
  -   waiting for element to be visible, enabled and stable
  -   element is not visible
  - retrying click action, attempt #59
  -   waiting 500ms
  -   waiting for element to be visible, enabled and stable
  -   element is not visible
  - retrying click action, attempt #60
  -   waiting 500ms
  -   waiting for element to be visible, enabled and stable
  -   element is not visible
  - retrying click action, attempt #61
  -   waiting 500ms
  -   waiting for element to be visible, enabled and stable
  -   element is not visible
  - retrying click action, attempt #62
  -   waiting 500ms
 
2024-06-21 20:12:29,306 - root - ERROR - The Text content was not founded, Error: list index out of range
2024-06-21 20:12:42,603 - root - ERROR - There was an error finding or clicking detail link error: Locator.click: Target page, context or browser has been closed
Call log:
waiting for locator("//td[@class=\"dxpcCloseButton\"]")
 
2024-06-21 20:18:21,785 - root - INFO - The bot reached to the site successfully
2024-06-21 20:18:21,861 - root - INFO - The form was filled now solve the human authentication! 
2024-06-21 20:19:07,732 - root - INFO - Inquiry Page founded !
2024-06-21 20:19:24,776 - root - INFO - Found CBLs No: 1002356411
2024-06-21 20:19:24,785 - root - INFO - Found BL Local No: 8001312
2024-06-21 20:19:24,793 - root - INFO - Found Business Name English: FUJAIRAH PLASTIC FACTORY
2024-06-21 20:19:24,801 - root - INFO - Found Legal Type: Single Person Company
2024-06-21 20:19:24,811 - root - INFO - Found Branch: No
2024-06-21 20:19:24,818 - root - INFO - Found Parent BL No: None
2024-06-21 20:19:24,827 - root - INFO - Found Description: 
2024-06-21 20:19:24,836 - root - INFO - Found Economic Department: 28/10/2024
2024-06-21 20:19:24,846 - root - INFO - Found Registration Branch: Fujairah Municipality
2024-06-21 20:19:24,854 - root - INFO -  Found Mobile No: Head Office-Fujairah Municipality
2024-06-21 20:19:24,865 - root - INFO - Found Phone  No: 0504897122
2024-06-21 20:19:24,873 - root - INFO - Found Status: 0504897122
2024-06-21 20:19:24,882 - root - INFO - Found PO Box: Active
2024-06-21 20:19:24,890 - root - INFO - found Email: 3072
2024-06-21 20:19:24,897 - root - INFO - Found Website:None
2024-06-21 20:19:24,905 - root - INFO - Found Full Address: None
2024-06-21 20:19:26,245 - root - INFO - Found CBLs No: 1002356411
2024-06-21 20:19:26,254 - root - INFO - Found BL Local No: 8001312
2024-06-21 20:19:26,268 - root - INFO - Found Business Name English: FUJAIRAH PLASTIC FACTORY
2024-06-21 20:19:26,280 - root - INFO - Found Legal Type: Single Person Company
2024-06-21 20:19:26,291 - root - INFO - Found Branch: No
2024-06-21 20:19:26,301 - root - INFO - Found Parent BL No: None
2024-06-21 20:19:26,311 - root - INFO - Found Description: 
2024-06-21 20:19:26,320 - root - INFO - Found Economic Department: 28/10/2024
2024-06-21 20:19:26,329 - root - INFO - Found Registration Branch: Fujairah Municipality
2024-06-21 20:19:26,337 - root - INFO -  Found Mobile No: Head Office-Fujairah Municipality
2024-06-21 20:19:26,345 - root - INFO - Found Phone  No: 0504897122
2024-06-21 20:19:26,355 - root - INFO - Found Status: 0504897122
2024-06-21 20:19:26,365 - root - INFO - Found PO Box: Active
2024-06-21 20:19:26,376 - root - INFO - found Email: 3072
2024-06-21 20:19:26,386 - root - INFO - Found Website:None
2024-06-21 20:19:26,400 - root - INFO - Found Full Address: None
2024-06-21 20:19:56,423 - root - ERROR - There was an error finding or clicking detail link error: Locator.click: Timeout 30000ms exceeded.
Call log:
waiting for locator("//td[@class=\"dxpcCloseButton\"]")
 
2024-06-21 20:20:32,144 - root - INFO - Found CBLs No: 1001648811
2024-06-21 20:20:32,151 - root - INFO - Found BL Local No: 8002912
2024-06-21 20:20:32,158 - root - INFO - Found Business Name English: EMIRATES PLASTIC INDUSTRIES
2024-06-21 20:20:32,164 - root - INFO - Found Legal Type: Single Person Company
2024-06-21 20:20:32,172 - root - INFO - Found Branch: No
2024-06-21 20:20:32,180 - root - INFO - Found Parent BL No: None
2024-06-21 20:20:32,187 - root - INFO - Found Description: 
2024-06-21 20:20:32,195 - root - INFO - Found Economic Department: 27/06/2024
2024-06-21 20:20:32,201 - root - INFO - Found Registration Branch: Fujairah Municipality
2024-06-21 20:20:32,206 - root - INFO -  Found Mobile No: Head Office-Fujairah Municipality
2024-06-21 20:20:32,213 - root - INFO - Found Phone  No: 0552517099
2024-06-21 20:20:32,218 - root - INFO - Found Status: 092224118  0552517099
2024-06-21 20:20:32,224 - root - INFO - Found PO Box: Active
2024-06-21 20:20:32,230 - root - INFO - found Email: 145
2024-06-21 20:20:32,238 - root - INFO - Found Website:None
2024-06-21 20:20:32,244 - root - INFO - Found Full Address: None
2024-06-21 20:20:34,167 - root - INFO - Found CBLs No: 1001648811
2024-06-21 20:20:34,172 - root - INFO - Found BL Local No: 8002912
2024-06-21 20:20:34,178 - root - INFO - Found Business Name English: EMIRATES PLASTIC INDUSTRIES
2024-06-21 20:20:34,184 - root - INFO - Found Legal Type: Single Person Company
2024-06-21 20:20:34,190 - root - INFO - Found Branch: No
2024-06-21 20:20:34,197 - root - INFO - Found Parent BL No: None
2024-06-21 20:20:34,205 - root - INFO - Found Description: 
2024-06-21 20:20:34,211 - root - INFO - Found Economic Department: 27/06/2024
2024-06-21 20:20:34,217 - root - INFO - Found Registration Branch: Fujairah Municipality
2024-06-21 20:20:34,222 - root - INFO -  Found Mobile No: Head Office-Fujairah Municipality
2024-06-21 20:20:34,228 - root - INFO - Found Phone  No: 0552517099
2024-06-21 20:20:34,234 - root - INFO - Found Status: 092224118  0552517099
2024-06-21 20:20:34,240 - root - INFO - Found PO Box: Active
2024-06-21 20:20:34,247 - root - INFO - found Email: 145
2024-06-21 20:20:34,253 - root - INFO - Found Website:None
2024-06-21 20:20:34,258 - root - INFO - Found Full Address: None
2024-06-21 20:21:04,274 - root - ERROR - There was an error finding or clicking detail link error: Locator.click: Timeout 30000ms exceeded.
Call log:
waiting for locator("//td[@class=\"dxpcCloseButton\"]")
 
2024-06-21 20:21:05,337 - root - INFO - Found CBLs No: 1001648811
2024-06-21 20:21:05,345 - root - INFO - Found BL Local No: 8002912
2024-06-21 20:21:05,352 - root - INFO - Found Business Name English: EMIRATES PLASTIC INDUSTRIES
2024-06-21 20:21:05,359 - root - INFO - Found Legal Type: Single Person Company
2024-06-21 20:21:05,365 - root - INFO - Found Branch: No
2024-06-21 20:21:05,371 - root - INFO - Found Parent BL No: None
2024-06-21 20:21:05,378 - root - INFO - Found Description: 
2024-06-21 20:21:05,386 - root - INFO - Found Economic Department: 27/06/2024
2024-06-21 20:21:05,393 - root - INFO - Found Registration Branch: Fujairah Municipality
2024-06-21 20:21:05,399 - root - INFO -  Found Mobile No: Head Office-Fujairah Municipality
2024-06-21 20:21:05,405 - root - INFO - Found Phone  No: 0552517099
2024-06-21 20:21:05,412 - root - INFO - Found Status: 092224118  0552517099
2024-06-21 20:21:05,420 - root - INFO - Found PO Box: Active
2024-06-21 20:21:05,426 - root - INFO - found Email: 145
2024-06-21 20:21:05,432 - root - INFO - Found Website:None
2024-06-21 20:21:05,441 - root - INFO - Found Full Address: None
2024-06-21 20:21:35,450 - root - ERROR - There was an error finding or clicking detail link error: Locator.click: Timeout 30000ms exceeded.
Call log:
waiting for locator("//td[@class=\"dxpcCloseButton\"]")
  -   locator resolved to <td class="dxpcCloseButton" onmousedown="return aspx…>…</td>
  - attempting click action
  -   waiting for element to be visible, enabled and stable
  -   element is not visible
  - retrying click action, attempt #1
  -   waiting for element to be visible, enabled and stable
  -   element is not visible
  - retrying click action, attempt #2
  -   waiting 20ms
  -   waiting for element to be visible, enabled and stable
  -   element is not visible
  - retrying click action, attempt #3
  -   waiting 100ms
  -   waiting for element to be visible, enabled and stable
  -   element is not visible
  - retrying click action, attempt #4
  -   waiting 100ms
  -   waiting for element to be visible, enabled and stable
  -   element is not visible
  - retrying click action, attempt #5
  -   waiting 500ms
  -   waiting for element to be visible, enabled and stable
  -   element is not visible
  - retrying click action, attempt #6
  -   waiting 500ms
  -   waiting for element to be visible, enabled and stable
  -   element is not visible
  - retrying click action, attempt #7
  -   waiting 500ms
  -   waiting for element to be visible, enabled and stable
  -   element is not visible
  - retrying click action, attempt #8
  -   waiting 500ms
  -   waiting for element to be visible, enabled and stable
  -   element is not visible
  - retrying click action, attempt #9
  -   waiting 500ms
  -   waiting for element to be visible, enabled and stable
  -   element is not visible
  - retrying click action, attempt #10
  -   waiting 500ms
  -   waiting for element to be visible, enabled and stable
  -   element is not visible
  - retrying click action, attempt #11
  -   waiting 500ms
  -   waiting for element to be visible, enabled and stable
  -   element is not visible
  - retrying click action, attempt #12
  -   waiting 500ms
  -   waiting for element to be visible, enabled and stable
  -   element is not visible
  - retrying click action, attempt #13
  -   waiting 500ms
  -   waiting for element to be visible, enabled and stable
  -   element is not visible
  - retrying click action, attempt #14
  -   waiting 500ms
  -   waiting for element to be visible, enabled and stable
 
2024-06-21 20:21:36,832 - root - INFO - Found CBLs No: 1001648811
2024-06-21 20:21:36,838 - root - INFO - Found BL Local No: 8002912
2024-06-21 20:21:36,844 - root - INFO - Found Business Name English: EMIRATES PLASTIC INDUSTRIES
2024-06-21 20:21:36,851 - root - INFO - Found Legal Type: Single Person Company
2024-06-21 20:21:36,856 - root - INFO - Found Branch: No
2024-06-21 20:21:36,862 - root - INFO - Found Parent BL No: None
2024-06-21 20:21:36,867 - root - INFO - Found Description: 
2024-06-21 20:21:36,873 - root - INFO - Found Economic Department: 27/06/2024
2024-06-21 20:21:36,879 - root - INFO - Found Registration Branch: Fujairah Municipality
2024-06-21 20:21:36,884 - root - INFO -  Found Mobile No: Head Office-Fujairah Municipality
2024-06-21 20:21:36,890 - root - INFO - Found Phone  No: 0552517099
2024-06-21 20:21:36,896 - root - INFO - Found Status: 092224118  0552517099
2024-06-21 20:21:36,902 - root - INFO - Found PO Box: Active
2024-06-21 20:21:36,907 - root - INFO - found Email: 145
2024-06-21 20:21:36,912 - root - INFO - Found Website:None
2024-06-21 20:21:36,918 - root - INFO - Found Full Address: None
2024-06-21 20:22:06,926 - root - ERROR - There was an error finding or clicking detail link error: Locator.click: Timeout 30000ms exceeded.
Call log:
waiting for locator("//td[@class=\"dxpcCloseButton\"]")
  -   locator resolved to <td class="dxpcCloseButton" onmousedown="return aspx…>…</td>
  - attempting click action
  -   waiting for element to be visible, enabled and stable
  -   element is not visible
  - retrying click action, attempt #1
  -   waiting for element to be visible, enabled and stable
  -   element is not visible
  - retrying click action, attempt #2
  -   waiting 20ms
  -   waiting for element to be visible, enabled and stable
  -   element is not visible
  - retrying click action, attempt #3
  -   waiting 100ms
  -   waiting for element to be visible, enabled and stable
  -   element is not visible
  - retrying click action, attempt #4
  -   waiting 100ms
  -   waiting for element to be visible, enabled and stable
  -   element is not visible
  - retrying click action, attempt #5
  -   waiting 500ms
  -   waiting for element to be visible, enabled and stable
  -   element is not visible
  - retrying click action, attempt #6
  -   waiting 500ms
  -   waiting for element to be visible, enabled and stable
  -   element is not visible
  - retrying click action, attempt #7
  -   waiting 500ms
  -   waiting for element to be visible, enabled and stable
  -   element is not visible
  - retrying click action, attempt #8
  -   waiting 500ms
  -   waiting for element to be visible, enabled and stable
  -   element is not visible
  - retrying click action, attempt #9
  -   waiting 500ms
  -   waiting for element to be visible, enabled and stable
  -   element is not visible
  - retrying click action, attempt #10
  -   waiting 500ms
  -   waiting for element to be visible, enabled and stable
  -   element is not visible
  - retrying click action, attempt #11
  -   waiting 500ms
  -   waiting for element to be visible, enabled and stable
  -   element is not visible
  - retrying click action, attempt #12
  -   waiting 500ms
  -   waiting for element to be visible, enabled and stable
  -   element is not visible
  - retrying click action, attempt #13
  -   waiting 500ms
  -   waiting for element to be visible, enabled and stable
  -   element is not visible
  - retrying click action, attempt #14
  -   waiting 500ms
  -   waiting for element to be visible, enabled and stable
 
2024-06-21 20:22:25,851 - root - INFO - Found CBLs No: 1002570811
2024-06-21 20:22:25,860 - root - INFO - Found BL Local No: 8007512
2024-06-21 20:22:25,868 - root - INFO - Found Business Name English: NATIONAL PLASTIC FACTORY
2024-06-21 20:22:25,876 - root - INFO - Found Legal Type: Limited Liability Company
2024-06-21 20:22:25,883 - root - INFO - Found Branch: No
2024-06-21 20:22:25,889 - root - INFO - Found Parent BL No: None
2024-06-21 20:22:25,895 - root - INFO - Found Description: 
2024-06-21 20:22:25,902 - root - INFO - Found Economic Department: 14/03/2025
2024-06-21 20:22:25,911 - root - INFO - Found Registration Branch: Fujairah Municipality
2024-06-21 20:22:25,920 - root - INFO -  Found Mobile No: Head Office-Fujairah Municipality
2024-06-21 20:22:25,931 - root - INFO - Found Phone  No: 00971504707454
2024-06-21 20:22:25,941 - root - INFO - Found Status: 00971504707454
2024-06-21 20:22:25,952 - root - INFO - Found PO Box: Active
2024-06-21 20:22:25,966 - root - INFO - found Email: 4224
2024-06-21 20:22:25,975 - root - INFO - Found Website:None
2024-06-21 20:22:25,982 - root - INFO - Found Full Address: None
2024-06-21 20:22:27,148 - root - INFO - Found CBLs No: 1002570811
2024-06-21 20:22:27,156 - root - INFO - Found BL Local No: 8007512
2024-06-21 20:22:27,163 - root - INFO - Found Business Name English: NATIONAL PLASTIC FACTORY
2024-06-21 20:22:27,169 - root - INFO - Found Legal Type: Limited Liability Company
2024-06-21 20:22:27,175 - root - INFO - Found Branch: No
2024-06-21 20:22:27,181 - root - INFO - Found Parent BL No: None
2024-06-21 20:22:27,188 - root - INFO - Found Description: 
2024-06-21 20:22:27,197 - root - INFO - Found Economic Department: 14/03/2025
2024-06-21 20:22:27,204 - root - INFO - Found Registration Branch: Fujairah Municipality
2024-06-21 20:22:27,213 - root - INFO -  Found Mobile No: Head Office-Fujairah Municipality
2024-06-21 20:22:27,219 - root - INFO - Found Phone  No: 00971504707454
2024-06-21 20:22:27,225 - root - INFO - Found Status: 00971504707454
2024-06-21 20:22:27,231 - root - INFO - Found PO Box: Active
2024-06-21 20:22:27,237 - root - INFO - found Email: 4224
2024-06-21 20:22:27,243 - root - INFO - Found Website:None
2024-06-21 20:22:27,250 - root - INFO - Found Full Address: None
2024-06-21 20:22:57,255 - root - ERROR - There was an error finding or clicking detail link error: Locator.click: Timeout 30000ms exceeded.
Call log:
waiting for locator("//td[@class=\"dxpcCloseButton\"]")
 
2024-06-21 20:23:35,615 - root - INFO - Found CBLs No: 1000507511
2024-06-21 20:23:35,628 - root - INFO - Found BL Local No: 0196012
2024-06-21 20:23:35,697 - root - INFO - Found Business Name English: AL SAWSAN PLASTIC
2024-06-21 20:23:35,906 - root - INFO - Found Legal Type: Establishments
2024-06-21 20:23:36,533 - root - INFO - Found Branch: No
2024-06-21 20:23:36,550 - root - INFO - Found Parent BL No: None
2024-06-21 20:23:36,563 - root - INFO - Found Description: 
2024-06-21 20:23:36,705 - root - INFO - Found Economic Department: 25/12/2015
2024-06-21 20:23:36,723 - root - INFO - Found Registration Branch: Dibba Municipality
2024-06-21 20:23:36,742 - root - INFO -  Found Mobile No: Dibba Municipality
2024-06-21 20:23:36,757 - root - INFO - Found Phone  No: 00971504221313
2024-06-21 20:23:36,774 - root - INFO - Found Status: 00971504221313
2024-06-21 20:23:36,790 - root - INFO - Found PO Box: Expired
2024-06-21 20:23:36,803 - root - INFO - found Email: 17860
2024-06-21 20:23:36,815 - root - INFO - Found Website:None
2024-06-21 20:23:36,826 - root - INFO - Found Full Address: None
2024-06-21 20:23:38,379 - root - INFO - Found CBLs No: 1000507511
2024-06-21 20:23:38,390 - root - INFO - Found BL Local No: 0196012
2024-06-21 20:23:38,419 - root - INFO - Found Business Name English: AL SAWSAN PLASTIC
2024-06-21 20:23:38,436 - root - INFO - Found Legal Type: Establishments
2024-06-21 20:23:38,448 - root - INFO - Found Branch: No
2024-06-21 20:23:38,456 - root - INFO - Found Parent BL No: None
2024-06-21 20:23:38,512 - root - INFO - Found Description: 
2024-06-21 20:23:38,543 - root - INFO - Found Economic Department: 25/12/2015
2024-06-21 20:23:38,571 - root - INFO - Found Registration Branch: Dibba Municipality
2024-06-21 20:23:38,581 - root - INFO -  Found Mobile No: Dibba Municipality
2024-06-21 20:23:38,592 - root - INFO - Found Phone  No: 00971504221313
2024-06-21 20:23:38,622 - root - INFO - Found Status: 00971504221313
2024-06-21 20:23:38,636 - root - INFO - Found PO Box: Expired
2024-06-21 20:23:38,648 - root - INFO - found Email: 17860
2024-06-21 20:23:38,660 - root - INFO - Found Website:None
2024-06-21 20:23:38,677 - root - INFO - Found Full Address: None
2024-06-21 20:24:08,689 - root - ERROR - There was an error finding or clicking detail link error: Locator.click: Timeout 30000ms exceeded.
Call log:
waiting for locator("//td[@class=\"dxpcCloseButton\"]")
 
2024-06-21 20:24:29,962 - root - INFO - Found CBLs No: 1000735611
2024-06-21 20:24:29,975 - root - INFO - Found BL Local No: 04444712
2024-06-21 20:24:29,983 - root - INFO - Found Business Name English: EMAN PLASTIC WASTE RECYCLING
2024-06-21 20:24:29,992 - root - INFO - Found Legal Type: Establishments
2024-06-21 20:24:30,004 - root - INFO - Found Branch: No
2024-06-21 20:24:30,013 - root - INFO - Found Parent BL No: None
2024-06-21 20:24:30,026 - root - INFO - Found Description: 
2024-06-21 20:24:30,131 - root - INFO - Found Economic Department: 16/02/2024
2024-06-21 20:24:30,142 - root - INFO - Found Registration Branch: Dibba Municipality
2024-06-21 20:24:30,153 - root - INFO -  Found Mobile No: Dibba Municipality
2024-06-21 20:24:30,162 - root - INFO - Found Phone  No: 0525742383
2024-06-21 20:24:30,171 - root - INFO - Found Status: 0525742383
2024-06-21 20:24:30,180 - root - INFO - Found PO Box: Expired
2024-06-21 20:24:30,190 - root - INFO - found Email: 10647
2024-06-21 20:24:30,196 - root - INFO - Found Website:None
2024-06-21 20:24:30,207 - root - INFO - Found Full Address: None
2024-06-21 20:24:31,340 - root - INFO - Found CBLs No: 1000735611
2024-06-21 20:24:31,349 - root - INFO - Found BL Local No: 04444712
2024-06-21 20:24:31,358 - root - INFO - Found Business Name English: EMAN PLASTIC WASTE RECYCLING
2024-06-21 20:24:31,365 - root - INFO - Found Legal Type: Establishments
2024-06-21 20:24:31,375 - root - INFO - Found Branch: No
2024-06-21 20:24:31,383 - root - INFO - Found Parent BL No: None
2024-06-21 20:24:31,391 - root - INFO - Found Description: 
2024-06-21 20:24:31,397 - root - INFO - Found Economic Department: 16/02/2024
2024-06-21 20:24:31,407 - root - INFO - Found Registration Branch: Dibba Municipality
2024-06-21 20:24:31,414 - root - INFO -  Found Mobile No: Dibba Municipality
2024-06-21 20:24:31,425 - root - INFO - Found Phone  No: 0525742383
2024-06-21 20:24:31,435 - root - INFO - Found Status: 0525742383
2024-06-21 20:24:31,442 - root - INFO - Found PO Box: Expired
2024-06-21 20:24:31,453 - root - INFO - found Email: 10647
2024-06-21 20:24:31,460 - root - INFO - Found Website:None
2024-06-21 20:24:31,471 - root - INFO - Found Full Address: None
2024-06-21 20:25:01,496 - root - ERROR - There was an error finding or clicking detail link error: Locator.click: Timeout 30000ms exceeded.
Call log:
waiting for locator("//td[@class=\"dxpcCloseButton\"]")
 
2024-06-21 20:25:02,551 - root - INFO - Found CBLs No: 1000735611
2024-06-21 20:25:02,564 - root - INFO - Found BL Local No: 04444712
2024-06-21 20:25:02,571 - root - INFO - Found Business Name English: EMAN PLASTIC WASTE RECYCLING
2024-06-21 20:25:02,581 - root - INFO - Found Legal Type: Establishments
2024-06-21 20:25:02,587 - root - INFO - Found Branch: No
2024-06-21 20:25:02,597 - root - INFO - Found Parent BL No: None
2024-06-21 20:25:02,604 - root - INFO - Found Description: 
2024-06-21 20:25:02,615 - root - INFO - Found Economic Department: 16/02/2024
2024-06-21 20:25:02,621 - root - INFO - Found Registration Branch: Dibba Municipality
2024-06-21 20:25:02,630 - root - INFO -  Found Mobile No: Dibba Municipality
2024-06-21 20:25:02,637 - root - INFO - Found Phone  No: 0525742383
2024-06-21 20:25:02,645 - root - INFO - Found Status: 0525742383
2024-06-21 20:25:02,652 - root - INFO - Found PO Box: Expired
2024-06-21 20:25:02,664 - root - INFO - found Email: 10647
2024-06-21 20:25:02,671 - root - INFO - Found Website:None
2024-06-21 20:25:02,690 - root - INFO - Found Full Address: None
2024-06-21 20:25:32,712 - root - ERROR - There was an error finding or clicking detail link error: Locator.click: Timeout 30000ms exceeded.
Call log:
waiting for locator("//td[@class=\"dxpcCloseButton\"]")
  -   locator resolved to <td class="dxpcCloseButton" onmousedown="return aspx…>…</td>
  - attempting click action
  -   waiting for element to be visible, enabled and stable
  -   element is not visible
  - retrying click action, attempt #1
  -   waiting for element to be visible, enabled and stable
  -   element is not visible
  - retrying click action, attempt #2
  -   waiting 20ms
  -   waiting for element to be visible, enabled and stable
  -   element is not visible
  - retrying click action, attempt #3
  -   waiting 100ms
  -   waiting for element to be visible, enabled and stable
  -   element is not visible
  - retrying click action, attempt #4
  -   waiting 100ms
  -   waiting for element to be visible, enabled and stable
  -   element is not visible
  - retrying click action, attempt #5
  -   waiting 500ms
  -   waiting for element to be visible, enabled and stable
  -   element is not visible
  - retrying click action, attempt #6
  -   waiting 500ms
  -   waiting for element to be visible, enabled and stable
  -   element is not visible
  - retrying click action, attempt #7
  -   waiting 500ms
  -   waiting for element to be visible, enabled and stable
  -   element is not visible
  - retrying click action, attempt #8
  -   waiting 500ms
  -   waiting for element to be visible, enabled and stable
  -   element is not visible
  - retrying click action, attempt #9
  -   waiting 500ms
  -   waiting for element to be visible, enabled and stable
  -   element is not visible
  - retrying click action, attempt #10
  -   waiting 500ms
  -   waiting for element to be visible, enabled and stable
  -   element is not visible
  - retrying click action, attempt #11
  -   waiting 500ms
  -   waiting for element to be visible, enabled and stable
  -   element is not visible
  - retrying click action, attempt #12
  -   waiting 500ms
  -   waiting for element to be visible, enabled and stable
  -   element is not visible
  - retrying click action, attempt #13
  -   waiting 500ms
  -   waiting for element to be visible, enabled and stable
  -   element is not visible
  - retrying click action, attempt #14
  -   waiting 500ms
  -   waiting for element to be visible, enabled and stable
 
2024-06-21 20:25:34,046 - root - INFO - Found CBLs No: 1000735611
2024-06-21 20:25:34,056 - root - INFO - Found BL Local No: 04444712
2024-06-21 20:25:34,063 - root - INFO - Found Business Name English: EMAN PLASTIC WASTE RECYCLING
2024-06-21 20:25:34,073 - root - INFO - Found Legal Type: Establishments
2024-06-21 20:25:34,078 - root - INFO - Found Branch: No
2024-06-21 20:25:34,085 - root - INFO - Found Parent BL No: None
2024-06-21 20:25:34,093 - root - INFO - Found Description: 
2024-06-21 20:25:34,108 - root - INFO - Found Economic Department: 16/02/2024
2024-06-21 20:25:34,113 - root - INFO - Found Registration Branch: Dibba Municipality
2024-06-21 20:25:34,123 - root - INFO -  Found Mobile No: Dibba Municipality
2024-06-21 20:25:34,129 - root - INFO - Found Phone  No: 0525742383
2024-06-21 20:25:34,139 - root - INFO - Found Status: 0525742383
2024-06-21 20:25:34,146 - root - INFO - Found PO Box: Expired
2024-06-21 20:25:34,156 - root - INFO - found Email: 10647
2024-06-21 20:25:34,163 - root - INFO - Found Website:None
2024-06-21 20:25:34,176 - root - INFO - Found Full Address: None
2024-06-21 20:26:04,183 - root - ERROR - There was an error finding or clicking detail link error: Locator.click: Timeout 30000ms exceeded.
Call log:
waiting for locator("//td[@class=\"dxpcCloseButton\"]")
  -   locator resolved to <td class="dxpcCloseButton" onmousedown="return aspx…>…</td>
  - attempting click action
  -   waiting for element to be visible, enabled and stable
  -   element is not visible
  - retrying click action, attempt #1
  -   waiting for element to be visible, enabled and stable
  -   element is not visible
  - retrying click action, attempt #2
  -   waiting 20ms
  -   waiting for element to be visible, enabled and stable
  -   element is not visible
  - retrying click action, attempt #3
  -   waiting 100ms
  -   waiting for element to be visible, enabled and stable
  -   element is not visible
  - retrying click action, attempt #4
  -   waiting 100ms
  -   waiting for element to be visible, enabled and stable
  -   element is not visible
  - retrying click action, attempt #5
  -   waiting 500ms
  -   waiting for element to be visible, enabled and stable
  -   element is not visible
  - retrying click action, attempt #6
  -   waiting 500ms
  -   waiting for element to be visible, enabled and stable
  -   element is not visible
  - retrying click action, attempt #7
  -   waiting 500ms
  -   waiting for element to be visible, enabled and stable
  -   element is not visible
  - retrying click action, attempt #8
  -   waiting 500ms
  -   waiting for element to be visible, enabled and stable
  -   element is not visible
  - retrying click action, attempt #9
  -   waiting 500ms
  -   waiting for element to be visible, enabled and stable
  -   element is not visible
  - retrying click action, attempt #10
  -   waiting 500ms
  -   waiting for element to be visible, enabled and stable
  -   element is not visible
  - retrying click action, attempt #11
  -   waiting 500ms
  -   waiting for element to be visible, enabled and stable
  -   element is not visible
  - retrying click action, attempt #12
  -   waiting 500ms
  -   waiting for element to be visible, enabled and stable
  -   element is not visible
  - retrying click action, attempt #13
  -   waiting 500ms
  -   waiting for element to be visible, enabled and stable
  -   element is not visible
  - retrying click action, attempt #14
  -   waiting 500ms
  -   waiting for element to be visible, enabled and stable
 
2024-06-21 20:26:36,631 - root - ERROR - The Text content was not founded, Error: Locator.get_attribute: Timeout 30000ms exceeded.
Call log:
waiting for locator("xpath=(//input[@class=\"dxeEditArea dxeEditAreaSys\"])[position()=11]")

2024-06-21 20:27:06,652 - root - ERROR - There was an error finding or clicking detail link error: Locator.click: Timeout 30000ms exceeded.
Call log:
waiting for locator("//td[@class=\"dxpcCloseButton\"]")
 
