06/25/2024 12:17:36 - root - INFO - The bot reached the site successfully
06/25/2024 12:17:37 - root - INFO - The form was filled; now solve the human authentication!
06/25/2024 12:18:19 - root - INFO - Inquiry Page found!
06/25/2024 12:18:19 - root - INFO - ---------------------------------->On Page: 1 <-----------------------------
06/25/2024 12:18:19 - root - WARNING - This btn was disabled
06/25/2024 12:18:19 - root - WARNING - This btn was disabled
06/25/2024 12:18:45 - root - INFO - Clicked on detail btn successfully: 11
06/25/2024 12:18:51 - root - INFO - Found data: {'CBLs No': '10003177', 'BL Local No': '032', 'Bussiness Name': 'AL QADERY IRON ALUMI. & WOOD WORKS', 'Legal Type': 'Establishments', 'Is Branch': 'No', 'Parent BL NO': None, 'ES.DATE': '05/11/2009', 'Expiry Date': '04/11/2010', 'BA Description': '', 'Economic Department': 'Dibba Municipality', 'Registration ED Branch': 'Dibba Municipality', 'Mobile No': None, 'Phone NO': None, 'Status': 'Expired', 'PO Box': None, 'Email': None, 'Website': None, 'Full Address': None}
06/25/2024 12:19:21 - root - ERROR - Error finding or clicking detail link: Locator.click: Timeout 30000ms exceeded.
Call log:
waiting for locator("//input[@name=\"ctl00$MainContent$View_ucSearch_By_BN$popupBL_Detail$callbackPanel_BL_Detail$btnDetailOKExit\"]")
  -   locator resolved to <input value="Exit" type="submit" onclick="popupBL_Deta…/>
  - attempting click action
  -   waiting for element to be visible, enabled and stable
  -   element is visible, enabled and stable
  -   scrolling into view if needed
  -   done scrolling
  -   <div class="dxcpLoadingDiv" id="ctl00_MainContent_Vie…>\u21b5\u21b5\u21c6\u21c6\u21c6\u21c6\u21c6</div> intercepts pointer events
  - retrying click action, attempt #1
  -   waiting for element to be visible, enabled and stable
  -   element is visible, enabled and stable
  -   scrolling into view if needed
  -   done scrolling
  -   <div class="dxcpLoadingDiv" id="ctl00_MainContent_Vie…>\u21b5\u21b5\u21c6\u21c6\u21c6\u21c6\u21c6</div> intercepts pointer events
  - retrying click action, attempt #2
  -   waiting 20ms
  -   waiting for element to be visible, enabled and stable
  -   element is visible, enabled and stable
  -   scrolling into view if needed
  -   done scrolling
  -   <div class="dxcpLoadingDiv" id="ctl00_MainContent_Vie…>\u21b5\u21b5\u21c6\u21c6\u21c6\u21c6\u21c6</div> intercepts pointer events
  - retrying click action, attempt #3
  -   waiting 100ms
  -   waiting for element to be visible, enabled and stable
  -   element is visible, enabled and stable
  -   scrolling into view if needed
  -   done scrolling
  -   <div class="dxcpLoadingDiv" id="ctl00_MainContent_Vie…>\u21b5\u21b5\u21c6\u21c6\u21c6\u21c6\u21c6</div> intercepts pointer events
  - retrying click action, attempt #4
  -   waiting 100ms
  -   waiting for element to be visible, enabled and stable
  -   element is visible, enabled and stable
  -   scrolling into view if needed
  -   done scrolling
  -   <div class="dxcpLoadingDiv" id="ctl00_MainContent_Vie…>\u21b5\u21b5\u21c6\u21c6\u21c6\u21c6\u21c6</div> intercepts pointer events
  - retrying click action, attempt #5
  -   waiting 500ms
  -   waiting for element to be visible, enabled and stable
  -   element is visible, enabled and stable
  -   scrolling into view if needed
  -   done scrolling
  -   <div class="dxcpLoadingDiv" id="ctl00_MainContent_Vie…>\u21b5\u21b5\u21c6\u21c6\u21c6\u21c6\u21c6</div> intercepts pointer events
  - retrying click action, attempt #6
  -   waiting 500ms
  -   waiting for element to be visible, enabled and stable
  -   element is visible, enabled and stable
  -   scrolling into view if needed
  -   done scrolling
  -   <div class="dxcpLoadingDiv" id="ctl00_MainContent_Vie…>\u21b5\u21b5\u21c6\u21c6\u21c6\u21c6\u21c6</div> intercepts pointer events
  - retrying click action, attempt #7
  -   waiting 500ms
  -   waiting for element to be visible, enabled and stable
  -   element is visible, enabled and stable
  -   scrolling into view if needed
  -   done scrolling
  -   <div class="dxcpLoadingDiv" id="ctl00_MainContent_Vie…>\u21b5\u21b5\u21c6\u21c6\u21c6\u21c6\u21c6</div> intercepts pointer events
  - retrying click action, attempt #8
  -   waiting 500ms
  -   waiting for element to be visible, enabled and stable
  - element was detached from the DOM, retrying
  -   locator resolved to <input value="Exit" type="submit" onclick="popupBL_Deta…/>
  - attempting click action
  -   waiting for element to be visible, enabled and stable
  -   element is visible, enabled and stable
  -   scrolling into view if needed
  -   done scrolling
  -   performing click action
  -   click action done
  -   waiting for scheduled navigations to finish

06/25/2024 12:19:46 - root - INFO - Clicked on detail btn successfully: 12
06/25/2024 12:19:53 - root - INFO - Found data: {'CBLs No': '10028169', 'BL Local No': '50802', 'Bussiness Name': 'EMIRATES MARINE AND ENVIRONMENT PROTECTION CO', 'Legal Type': 'Limited Liability Company', 'Is Branch': 'No', 'Parent BL NO': None, 'ES.DATE': '13/07/1996', 'Expiry Date': '04/05/2026', 'BA Description': 'Chemical Waste Treatment,Ships and Yachts Cleaning Services,Agent Services ships and tankers, oily waste treatment from ships,', 'Economic Department': 'Fujairah Municipality', 'Registration ED Branch': 'Head Office-Fujairah Municipality', 'Mobile No': '00971566530011', 'Phone NO': '00971566530011', 'Status': 'Active', 'PO Box': '2299', 'Email': None, 'Website': None, 'Full Address': '6372-B7, \u0639\u0628\u062f\u0627\u0644\u063a\u0641\u0648\u0631 \u0647\u0627\u0634\u0645 \u0628\u0647\u0631\u0648\u0632\u064a\u0627\u0646, \u0627\u0644\u0643\u0648\u064a\u062a, \u0627\u0644\u0634\u0631\u064a\u0629, \u0627\u0644\u0641\u062c\u064a\u0631\u0629'}
06/25/2024 12:20:23 - root - ERROR - Error finding or clicking detail link: Locator.click: Timeout 30000ms exceeded.
Call log:
waiting for locator("//input[@name=\"ctl00$MainContent$View_ucSearch_By_BN$popupBL_Detail$callbackPanel_BL_Detail$btnDetailOKExit\"]")
  -   locator resolved to <input value="Exit" type="submit" onclick="popupBL_Deta…/>
  - attempting click action
  -   waiting for element to be visible, enabled and stable
  -   element is visible, enabled and stable
  -   scrolling into view if needed
  -   done scrolling
  -   <div class="dxcpLoadingDiv" id="ctl00_MainContent_Vie…>\u21b5\u21b5\u21c6\u21c6\u21c6\u21c6\u21c6</div> intercepts pointer events
  - retrying click action, attempt #1
  -   waiting for element to be visible, enabled and stable
  -   element is visible, enabled and stable
  -   scrolling into view if needed
  -   done scrolling
  -   <div class="dxcpLoadingDiv" id="ctl00_MainContent_Vie…>\u21b5\u21b5\u21c6\u21c6\u21c6\u21c6\u21c6</div> intercepts pointer events
  - retrying click action, attempt #2
  -   waiting 20ms
  -   waiting for element to be visible, enabled and stable
  -   element is visible, enabled and stable
  -   scrolling into view if needed
  -   done scrolling
  -   <div class="dxcpLoadingDiv" id="ctl00_MainContent_Vie…>\u21b5\u21b5\u21c6\u21c6\u21c6\u21c6\u21c6</div> intercepts pointer events
  - retrying click action, attempt #3
  -   waiting 100ms
  -   waiting for element to be visible, enabled and stable
  -   element is visible, enabled and stable
  -   scrolling into view if needed
  -   done scrolling
  -   <div class="dxcpLoadingDiv" id="ctl00_MainContent_Vie…>\u21b5\u21b5\u21c6\u21c6\u21c6\u21c6\u21c6</div> intercepts pointer events
  - retrying click action, attempt #4
  -   waiting 100ms
  -   waiting for element to be visible, enabled and stable
  -   element is visible, enabled and stable
  -   scrolling into view if needed
  -   done scrolling
  -   <div class="dxcpLoadingDiv" id="ctl00_MainContent_Vie…>\u21b5\u21b5\u21c6\u21c6\u21c6\u21c6\u21c6</div> intercepts pointer events
  - retrying click action, attempt #5
  -   waiting 500ms
  -   waiting for element to be visible, enabled and stable
  -   element is visible, enabled and stable
  -   scrolling into view if needed
  -   done scrolling
  -   <div class="dxcpLoadingDiv" id="ctl00_MainContent_Vie…>\u21b5\u21b5\u21c6\u21c6\u21c6\u21c6\u21c6</div> intercepts pointer events
  - retrying click action, attempt #6
  -   waiting 500ms
  -   waiting for element to be visible, enabled and stable
  -   element is not stable
  - retrying click action, attempt #7
  -   waiting 500ms
  -   waiting for element to be visible, enabled and stable
  - element was detached from the DOM, retrying
  -   locator resolved to <input value="Exit" type="submit" onclick="popupBL_Deta…/>
  - attempting click action
  -   waiting for element to be visible, enabled and stable
  -   element is visible, enabled and stable
  -   scrolling into view if needed
  -   done scrolling
  -   performing click action
  -   click action done
  -   waiting for scheduled navigations to finish

06/25/2024 12:20:30 - root - WARNING - This btn was disabled
06/25/2024 12:20:30 - root - WARNING - This btn was disabled
06/25/2024 12:20:52 - root - INFO - Clicked on detail btn successfully: 15
06/25/2024 12:20:59 - root - INFO - Found data: {'CBLs No': '10004957', 'BL Local No': '01842', 'Bussiness Name': 'BRIGHT FUTURE SCRAP IRON AND METALS', 'Legal Type': 'Establishments', 'Is Branch': 'No', 'Parent BL NO': None, 'ES.DATE': '11/08/2010', 'Expiry Date': '12/05/2025', 'BA Description': 'Retail sale of Iron Products,Trading Of Aluminum And Copper Scrap,Used Tyres Trading,Retail sale of Dried Batteries,Heavy Machines And Equipment Renting,', 'Economic Department': 'Dibba Municipality', 'Registration ED Branch': 'Dibba Municipality', 'Mobile No': '0506906937', 'Phone NO': '0506906937', 'Status': 'Active', 'PO Box': None, 'Email': None, 'Website': None, 'Full Address': None}
06/25/2024 12:21:29 - root - ERROR - Error finding or clicking detail link: Locator.click: Timeout 30000ms exceeded.
Call log:
waiting for locator("//input[@name=\"ctl00$MainContent$View_ucSearch_By_BN$popupBL_Detail$callbackPanel_BL_Detail$btnDetailOKExit\"]")
  -   locator resolved to <input value="Exit" type="submit" onclick="popupBL_Deta…/>
  - attempting click action
  -   waiting for element to be visible, enabled and stable
  -   element is visible, enabled and stable
  -   scrolling into view if needed
  -   done scrolling
  -   <div class="dxcpLoadingDiv" id="ctl00_MainContent_Vie…>\u21b5\u21b5\u21c6\u21c6\u21c6\u21c6\u21c6</div> intercepts pointer events
  - retrying click action, attempt #1
  -   waiting for element to be visible, enabled and stable
  -   element is visible, enabled and stable
  -   scrolling into view if needed
  -   done scrolling
  -   <div class="dxcpLoadingDiv" id="ctl00_MainContent_Vie…>\u21b5\u21b5\u21c6\u21c6\u21c6\u21c6\u21c6</div> intercepts pointer events
  - retrying click action, attempt #2
  -   waiting 20ms
  -   waiting for element to be visible, enabled and stable
  -   element is visible, enabled and stable
  -   scrolling into view if needed
  -   done scrolling
  -   <div class="dxcpLoadingDiv" id="ctl00_MainContent_Vie…>\u21b5\u21b5\u21c6\u21c6\u21c6\u21c6\u21c6</div> intercepts pointer events
  - retrying click action, attempt #3
  -   waiting 100ms
  -   waiting for element to be visible, enabled and stable
  -   element is visible, enabled and stable
  -   scrolling into view if needed
  -   done scrolling
  -   <div class="dxcpLoadingDiv" id="ctl00_MainContent_Vie…>\u21b5\u21b5\u21c6\u21c6\u21c6\u21c6\u21c6</div> intercepts pointer events
  - retrying click action, attempt #4
  -   waiting 100ms
  -   waiting for element to be visible, enabled and stable
  -   element is visible, enabled and stable
  -   scrolling into view if needed
  -   done scrolling
  -   <div class="dxcpLoadingDiv" id="ctl00_MainContent_Vie…>\u21b5\u21b5\u21c6\u21c6\u21c6\u21c6\u21c6</div> intercepts pointer events
  - retrying click action, attempt #5
  -   waiting 500ms
  -   waiting for element to be visible, enabled and stable
  -   element is visible, enabled and stable
  -   scrolling into view if needed
  -   done scrolling
  -   <div class="dxcpLoadingDiv" id="ctl00_MainContent_Vie…>\u21b5\u21b5\u21c6\u21c6\u21c6\u21c6\u21c6</div> intercepts pointer events
  - retrying click action, attempt #6
  -   waiting 500ms
  -   waiting for element to be visible, enabled and stable
  -   element is not stable
  - retrying click action, attempt #7
  -   waiting 500ms
  -   waiting for element to be visible, enabled and stable
  - element was detached from the DOM, retrying
  -   locator resolved to <input value="Exit" type="submit" onclick="popupBL_Deta…/>
  - attempting click action
  -   waiting for element to be visible, enabled and stable
  -   element is visible, enabled and stable
  -   scrolling into view if needed
  -   done scrolling
  -   performing click action
  -   click action done
  -   waiting for scheduled navigations to finish

06/25/2024 12:21:39 - root - WARNING - This btn was disabled
06/25/2024 12:21:39 - root - WARNING - This btn was disabled
06/25/2024 12:21:41 - root - INFO - -------------------------> Moved to Next Page<-----------------------------
06/25/2024 12:21:41 - root - INFO - ---------------------------------->On Page: 2 <-----------------------------
06/25/2024 12:21:41 - root - WARNING - This btn was disabled
06/25/2024 12:21:41 - root - WARNING - This btn was disabled
06/25/2024 12:22:06 - root - INFO - Clicked on detail btn successfully: 11
06/25/2024 12:22:12 - root - INFO - Found data: {'CBLs No': '10026194', 'BL Local No': '15837', 'Bussiness Name': 'QUALITY WASH AND IRON BY STEAM', 'Legal Type': 'Establishments', 'Is Branch': 'No', 'Parent BL NO': None, 'ES.DATE': '04/07/2004', 'Expiry Date': '08/07/2024', 'BA Description': 'Clothes Ironing,', 'Economic Department': 'Fujairah Municipality', 'Registration ED Branch': 'Head Office-Fujairah Municipality', 'Mobile No': '00971501919695', 'Phone NO': '00971501919695', 'Status': 'Active', 'PO Box': '4050', 'Email': None, 'Website': None, 'Full Address': ', \u0627\u062d\u0645\u062f \u0639\u0644\u064a \u0639\u0628\u062f\u0627\u0644\u0644\u0647 \u0627\u0644\u062d\u0645\u064a\u062f\u064a, \u0627\u0644\u0646\u062e\u064a\u0644, \u0627\u0644\u063a\u0631\u0641\u0629, \u0627\u0644\u0641\u062c\u064a\u0631\u0629'}
06/25/2024 12:25:11 - root - ERROR - Error in extracting data: Page.wait_for_selector: Timeout 150000ms exceeded.
Call log:
waiting for locator("//input[@name=\"ctl00$MainContent$View_ucSearch_By_BN$popupBL_Detail$callbackPanel_BL_Detail$btnDetailOKExit\"]") to be visible
  -   locator resolved to hidden <input value="Exit" type="submit" onclick="popupBL_Deta…/>
  -   locator resolved to hidden <input value="Exit" type="submit" onclick="popupBL_Deta…/>
  -   locator resolved to hidden <input value="Exit" type="submit" onclick="popupBL_Deta…/>
  -   locator resolved to hidden <input value="Exit" type="submit" onclick="popupBL_Deta…/>
  -   locator resolved to hidden <input value="Exit" type="submit" onclick="popupBL_Deta…/>
  -   locator resolved to hidden <input value="Exit" type="submit" onclick="popupBL_Deta…/>
  -   locator resolved to hidden <input value="Exit" type="submit" onclick="popupBL_Deta…/>
  -   locator resolved to hidden <input value="Exit" type="submit" onclick="popupBL_Deta…/>
  -   locator resolved to hidden <input value="Exit" type="submit" onclick="popupBL_Deta…/>
  -   locator resolved to hidden <input value="Exit" type="submit" onclick="popupBL_Deta…/>
  -   locator resolved to hidden <input value="Exit" type="submit" onclick="popupBL_Deta…/>
  -   locator resolved to hidden <input value="Exit" type="submit" onclick="popupBL_Deta…/>
  -   locator resolved to hidden <input value="Exit" type="submit" onclick="popupBL_Deta…/>
  -   locator resolved to hidden <input value="Exit" type="submit" onclick="popupBL_Deta…/>
  -   locator resolved to hidden <input value="Exit" type="submit" onclick="popupBL_Deta…/>
  -   locator resolved to hidden <input value="Exit" type="submit" onclick="popupBL_Deta…/>
  -   locator resolved to hidden <input value="Exit" type="submit" onclick="popupBL_Deta…/>
  -   locator resolved to hidden <input value="Exit" type="submit" onclick="popupBL_Deta…/>
  -   locator resolved to hidden <input value="Exit" type="submit" onclick="popupBL_Deta…/>
  -   locator resolved to hidden <input value="Exit" type="submit" onclick="popupBL_Deta…/>
  -   locator resolved to hidden <input value="Exit" type="submit" onclick="popupBL_Deta…/>
  -   locator resolved to hidden <input value="Exit" type="submit" onclick="popupBL_Deta…/>
  -   locator resolved to hidden <input value="Exit" type="submit" onclick="popupBL_Deta…/>
  -   locator resolved to hidden <input value="Exit" type="submit" onclick="popupBL_Deta…/>
  -   locator resolved to hidden <input value="Exit" type="submit" onclick="popupBL_Deta…/>
  -   locator resolved to hidden <input value="Exit" type="submit" onclick="popupBL_Deta…/>
  -   locator resolved to hidden <input value="Exit" type="submit" onclick="popupBL_Deta…/>
  -   locator resolved to hidden <input value="Exit" type="submit" onclick="popupBL_Deta…/>
  -   locator resolved to hidden <input value="Exit" type="submit" onclick="popupBL_Deta…/>
  -   locator resolved to hidden <input value="Exit" type="submit" onclick="popupBL_Deta…/>
  -   locator resolved to hidden <input value="Exit" type="submit" onclick="popupBL_Deta…/>
  -   locator resolved to hidden <input value="Exit" type="submit" onclick="popupBL_Deta…/>
  -   locator resolved to hidden <input value="Exit" type="submit" onclick="popupBL_Deta…/>
  -   locator resolved to hidden <input value="Exit" type="submit" onclick="popupBL_Deta…/>
  -   locator resolved to hidden <input value="Exit" type="submit" onclick="popupBL_Deta…/>
  -   locator resolved to hidden <input value="Exit" type="submit" onclick="popupBL_Deta…/>
  -   locator resolved to hidden <input value="Exit" type="submit" onclick="popupBL_Deta…/>
  -   locator resolved to hidden <input value="Exit" type="submit" onclick="popupBL_Deta…/>
  -   locator resolved to hidden <input value="Exit" type="submit" onclick="popupBL_Deta…/>
  -   locator resolved to hidden <input value="Exit" type="submit" onclick="popupBL_Deta…/>
  -   locator resolved to hidden <input value="Exit" type="submit" onclick="popupBL_Deta…/>
  -   locator resolved to hidden <input value="Exit" type="submit" onclick="popupBL_Deta…/>
  -   locator resolved to hidden <input value="Exit" type="submit" onclick="popupBL_Deta…/>
  -   locator resolved to hidden <input value="Exit" type="submit" onclick="popupBL_Deta…/>
  -   locator resolved to hidden <input value="Exit" type="submit" onclick="popupBL_Deta…/>
  -   locator resolved to hidden <input value="Exit" type="submit" onclick="popupBL_Deta…/>
  -   locator resolved to hidden <input value="Exit" type="submit" onclick="popupBL_Deta…/>
  -   locator resolved to hidden <input value="Exit" type="submit" onclick="popupBL_Deta…/>
  -   locator resolved to hidden <input value="Exit" type="submit" onclick="popupBL_Deta…/>
  -   locator resolved to hidden <input value="Exit" type="submit" onclick="popupBL_Deta…/>
  -   locator resolved to hidden <input value="Exit" type="submit" onclick="popupBL_Deta…/>
  -   locator resolved to hidden <input value="Exit" type="submit" onclick="popupBL_Deta…/>
  -   locator resolved to hidden <input value="Exit" type="submit" onclick="popupBL_Deta…/>
  -   locator resolved to hidden <input value="Exit" type="submit" onclick="popupBL_Deta…/>
  -   locator resolved to hidden <input value="Exit" type="submit" onclick="popupBL_Deta…/>
  -   locator resolved to hidden <input value="Exit" type="submit" onclick="popupBL_Deta…/>
  -   locator resolved to hidden <input value="Exit" type="submit" onclick="popupBL_Deta…/>
  -   locator resolved to hidden <input value="Exit" type="submit" onclick="popupBL_Deta…/>
  -   locator resolved to hidden <input value="Exit" type="submit" onclick="popupBL_Deta…/>
  -   locator resolved to hidden <input value="Exit" type="submit" onclick="popupBL_Deta…/>
  -   locator resolved to hidden <input value="Exit" type="submit" onclick="popupBL_Deta…/>
  -   locator resolved to hidden <input value="Exit" type="submit" onclick="popupBL_Deta…/>
  -   locator resolved to hidden <input value="Exit" type="submit" onclick="popupBL_Deta…/>
  -   locator resolved to hidden <input value="Exit" type="submit" onclick="popupBL_Deta…/>
  -   locator resolved to hidden <input value="Exit" type="submit" onclick="popupBL_Deta…/>
  -   locator resolved to hidden <input value="Exit" type="submit" onclick="popupBL_Deta…/>
  -   locator resolved to hidden <input value="Exit" type="submit" onclick="popupBL_Deta…/>
  -   locator resolved to hidden <input value="Exit" type="submit" onclick="popupBL_Deta…/>
  -   locator resolved to hidden <input value="Exit" type="submit" onclick="popupBL_Deta…/>
  -   locator resolved to hidden <input value="Exit" type="submit" onclick="popupBL_Deta…/>
  -   locator resolved to hidden <input value="Exit" type="submit" onclick="popupBL_Deta…/>
  -   locator resolved to hidden <input value="Exit" type="submit" onclick="popupBL_Deta…/>
  -   locator resolved to hidden <input value="Exit" type="submit" onclick="popupBL_Deta…/>
  -   locator resolved to hidden <input value="Exit" type="submit" onclick="popupBL_Deta…/>
  -   locator resolved to hidden <input value="Exit" type="submit" onclick="popupBL_Deta…/>
  -   locator resolved to hidden <input value="Exit" type="submit" onclick="popupBL_Deta…/>
  -   locator resolved to hidden <input value="Exit" type="submit" onclick="popupBL_Deta…/>
  -   locator resolved to hidden <input value="Exit" type="submit" onclick="popupBL_Deta…/>
  -   locator resolved to hidden <input value="Exit" type="submit" onclick="popupBL_Deta…/>
  -   locator resolved to hidden <input value="Exit" type="submit" onclick="popupBL_Deta…/>
  -   locator resolved to hidden <input value="Exit" type="submit" onclick="popupBL_Deta…/>
  -   locator resolved to hidden <input value="Exit" type="submit" onclick="popupBL_Deta…/>
  -   locator resolved to hidden <input value="Exit" type="submit" onclick="popupBL_Deta…/>
  -   locator resolved to hidden <input value="Exit" type="submit" onclick="popupBL_Deta…/>
  -   locator resolved to hidden <input value="Exit" type="submit" onclick="popupBL_Deta…/>
  -   locator resolved to hidden <input value="Exit" type="submit" onclick="popupBL_Deta…/>
  -   locator resolved to hidden <input value="Exit" type="submit" onclick="popupBL_Deta…/>
  -   locator resolved to hidden <input value="Exit" type="submit" onclick="popupBL_Deta…/>
  -   locator resolved to hidden <input value="Exit" type="submit" onclick="popupBL_Deta…/>
  -   locator resolved to hidden <input value="Exit" type="submit" onclick="popupBL_Deta…/>
  -   locator resolved to hidden <input value="Exit" type="submit" onclick="popupBL_Deta…/>
  -   locator resolved to hidden <input value="Exit" type="submit" onclick="popupBL_Deta…/>
  -   locator resolved to hidden <input value="Exit" type="submit" onclick="popupBL_Deta…/>
  -   locator resolved to hidden <input value="Exit" type="submit" onclick="popupBL_Deta…/>
  -   locator resolved to hidden <input value="Exit" type="submit" onclick="popupBL_Deta…/>
  -   locator resolved to hidden <input value="Exit" type="submit" onclick="popupBL_Deta…/>
  -   locator resolved to hidden <input value="Exit" type="submit" onclick="popupBL_Deta…/>
  -   locator resolved to hidden <input value="Exit" type="submit" onclick="popupBL_Deta…/>
  -   locator resolved to hidden <input value="Exit" type="submit" onclick="popupBL_Deta…/>
  -   locator resolved to hidden <input value="Exit" type="submit" onclick="popupBL_Deta…/>
  -   locator resolved to hidden <input value="Exit" type="submit" onclick="popupBL_Deta…/>
  -   locator resolved to hidden <input value="Exit" type="submit" onclick="popupBL_Deta…/>
  -   locator resolved to hidden <input value="Exit" type="submit" onclick="popupBL_Deta…/>
  -   locator resolved to hidden <input value="Exit" type="submit" onclick="popupBL_Deta…/>
  -   locator resolved to hidden <input value="Exit" type="submit" onclick="popupBL_Deta…/>
  -   locator resolved to hidden <input value="Exit" type="submit" onclick="popupBL_Deta…/>
  -   locator resolved to hidden <input value="Exit" type="submit" onclick="popupBL_Deta…/>
  -   locator resolved to hidden <input value="Exit" type="submit" onclick="popupBL_Deta…/>
  -   locator resolved to hidden <input value="Exit" type="submit" onclick="popupBL_Deta…/>
  -   locator resolved to hidden <input value="Exit" type="submit" onclick="popupBL_Deta…/>
  -   locator resolved to hidden <input value="Exit" type="submit" onclick="popupBL_Deta…/>
  -   locator resolved to hidden <input value="Exit" type="submit" onclick="popupBL_Deta…/>
  -   locator resolved to hidden <input value="Exit" type="submit" onclick="popupBL_Deta…/>
  -   locator resolved to hidden <input value="Exit" type="submit" onclick="popupBL_Deta…/>
  -   locator resolved to hidden <input value="Exit" type="submit" onclick="popupBL_Deta…/>
  -   locator resolved to hidden <input value="Exit" type="submit" onclick="popupBL_Deta…/>
  -   locator resolved to hidden <input value="Exit" type="submit" onclick="popupBL_Deta…/>
  -   locator resolved to hidden <input value="Exit" type="submit" onclick="popupBL_Deta…/>
  -   locator resolved to hidden <input value="Exit" type="submit" onclick="popupBL_Deta…/>
  -   locator resolved to hidden <input value="Exit" type="submit" onclick="popupBL_Deta…/>
  -   locator resolved to hidden <input value="Exit" type="submit" onclick="popupBL_Deta…/>
  -   locator resolved to hidden <input value="Exit" type="submit" onclick="popupBL_Deta…/>
  -   locator resolved to hidden <input value="Exit" type="submit" onclick="popupBL_Deta…/>
  -   locator resolved to hidden <input value="Exit" type="submit" onclick="popupBL_Deta…/>
  -   locator resolved to hidden <input value="Exit" type="submit" onclick="popupBL_Deta…/>
  -   locator resolved to hidden <input value="Exit" type="submit" onclick="popupBL_Deta…/>
  -   locator resolved to hidden <input value="Exit" type="submit" onclick="popupBL_Deta…/>
  -   locator resolved to hidden <input value="Exit" type="submit" onclick="popupBL_Deta…/>
  -   locator resolved to hidden <input value="Exit" type="submit" onclick="popupBL_Deta…/>
  -   locator resolved to hidden <input value="Exit" type="submit" onclick="popupBL_Deta…/>
  -   locator resolved to hidden <input value="Exit" type="submit" onclick="popupBL_Deta…/>
  -   locator resolved to hidden <input value="Exit" type="submit" onclick="popupBL_Deta…/>
  -   locator resolved to hidden <input value="Exit" type="submit" onclick="popupBL_Deta…/>
  -   locator resolved to hidden <input value="Exit" type="submit" onclick="popupBL_Deta…/>
  -   locator resolved to hidden <input value="Exit" type="submit" onclick="popupBL_Deta…/>
  -   locator resolved to hidden <input value="Exit" type="submit" onclick="popupBL_Deta…/>
  -   locator resolved to hidden <input value="Exit" type="submit" onclick="popupBL_Deta…/>
  -   locator resolved to hidden <input value="Exit" type="submit" onclick="popupBL_Deta…/>
  -   locator resolved to hidden <input value="Exit" type="submit" onclick="popupBL_Deta…/>
  -   locator resolved to hidden <input value="Exit" type="submit" onclick="popupBL_Deta…/>
  -   locator resolved to hidden <input value="Exit" type="submit" onclick="popupBL_Deta…/>
  -   locator resolved to hidden <input value="Exit" type="submit" onclick="popupBL_Deta…/>
  -   locator resolved to hidden <input value="Exit" type="submit" onclick="popupBL_Deta…/>
  -   locator resolved to hidden <input value="Exit" type="submit" onclick="popupBL_Deta…/>
  -   locator resolved to hidden <input value="Exit" type="submit" onclick="popupBL_Deta…/>
  -   locator resolved to hidden <input value="Exit" type="submit" onclick="popupBL_Deta…/>
  -   locator resolved to hidden <input value="Exit" type="submit" onclick="popupBL_Deta…/>
  -   locator resolved to hidden <input value="Exit" type="submit" onclick="popupBL_Deta…/>
  -   locator resolved to hidden <input value="Exit" type="submit" onclick="popupBL_Deta…/>
  -   locator resolved to hidden <input value="Exit" type="submit" onclick="popupBL_Deta…/>
  -   locator resolved to hidden <input value="Exit" type="submit" onclick="popupBL_Deta…/>
  -   locator resolved to hidden <input value="Exit" type="submit" onclick="popupBL_Deta…/>
  -   locator resolved to hidden <input value="Exit" type="submit" onclick="popupBL_Deta…/>
  -   locator resolved to hidden <input value="Exit" type="submit" onclick="popupBL_Deta…/>
  -   locator resolved to hidden <input value="Exit" type="submit" onclick="popupBL_Deta…/>
  -   locator resolved to hidden <input value="Exit" type="submit" onclick="popupBL_Deta…/>
  -   locator resolved to hidden <input value="Exit" type="submit" onclick="popupBL_Deta…/>
  -   locator resolved to hidden <input value="Exit" type="submit" onclick="popupBL_Deta…/>
  -   locator resolved to hidden <input value="Exit" type="submit" onclick="popupBL_Deta…/>
  -   locator resolved to hidden <input value="Exit" type="submit" onclick="popupBL_Deta…/>
  -   locator resolved to hidden <input value="Exit" type="submit" onclick="popupBL_Deta…/>
  -   locator resolved to hidden <input value="Exit" type="submit" onclick="popupBL_Deta…/>
  -   locator resolved to hidden <input value="Exit" type="submit" onclick="popupBL_Deta…/>
  -   locator resolved to hidden <input value="Exit" type="submit" onclick="popupBL_Deta…/>
  -   locator resolved to hidden <input value="Exit" type="submit" onclick="popupBL_Deta…/>
  -   locator resolved to hidden <input value="Exit" type="submit" onclick="popupBL_Deta…/>
  -   locator resolved to hidden <input value="Exit" type="submit" onclick="popupBL_Deta…/>
  -   locator resolved to hidden <input value="Exit" type="submit" onclick="popupBL_Deta…/>
  -   locator resolved to hidden <input value="Exit" type="submit" onclick="popupBL_Deta…/>
  -   locator resolved to hidden <input value="Exit" type="submit" onclick="popupBL_Deta…/>
  -   locator resolved to hidden <input value="Exit" type="submit" onclick="popupBL_Deta…/>
  -   locator resolved to hidden <input value="Exit" type="submit" onclick="popupBL_Deta…/>
  -   locator resolved to hidden <input value="Exit" type="submit" onclick="popupBL_Deta…/>
  -   locator resolved to hidden <input value="Exit" type="submit" onclick="popupBL_Deta…/>
  -   locator resolved to hidden <input value="Exit" type="submit" onclick="popupBL_Deta…/>
  -   locator resolved to hidden <input value="Exit" type="submit" onclick="popupBL_Deta…/>
  -   locator resolved to hidden <input value="Exit" type="submit" onclick="popupBL_Deta…/>
  -   locator resolved to hidden <input value="Exit" type="submit" onclick="popupBL_Deta…/>
  -   locator resolved to hidden <input value="Exit" type="submit" onclick="popupBL_Deta…/>
  -   locator resolved to hidden <input value="Exit" type="submit" onclick="popupBL_Deta…/>
  -   locator resolved to hidden <input value="Exit" type="submit" onclick="popupBL_Deta…/>
  -   locator resolved to hidden <input value="Exit" type="submit" onclick="popupBL_Deta…/>
  -   locator resolved to hidden <input value="Exit" type="submit" onclick="popupBL_Deta…/>
  -   locator resolved to hidden <input value="Exit" type="submit" onclick="popupBL_Deta…/>
  -   locator resolved to hidden <input value="Exit" type="submit" onclick="popupBL_Deta…/>
  -   locator resolved to hidden <input value="Exit" type="submit" onclick="popupBL_Deta…/>
  -   locator resolved to hidden <input value="Exit" type="submit" onclick="popupBL_Deta…/>
  -   locator resolved to hidden <input value="Exit" type="submit" onclick="popupBL_Deta…/>
  -   locator resolved to hidden <input value="Exit" type="submit" onclick="popupBL_Deta…/>
  -   locator resolved to hidden <input value="Exit" type="submit" onclick="popupBL_Deta…/>
  -   locator resolved to hidden <input value="Exit" type="submit" onclick="popupBL_Deta…/>
  -   locator resolved to hidden <input value="Exit" type="submit" onclick="popupBL_Deta…/>
  -   locator resolved to hidden <input value="Exit" type="submit" onclick="popupBL_Deta…/>
  -   locator resolved to hidden <input value="Exit" type="submit" onclick="popupBL_Deta…/>
  -   locator resolved to hidden <input value="Exit" type="submit" onclick="popupBL_Deta…/>
  -   locator resolved to hidden <input value="Exit" type="submit" onclick="popupBL_Deta…/>
  -   locator resolved to hidden <input value="Exit" type="submit" onclick="popupBL_Deta…/>
  -   locator resolved to hidden <input value="Exit" type="submit" onclick="popupBL_Deta…/>
  -   locator resolved to hidden <input value="Exit" type="submit" onclick="popupBL_Deta…/>
  -   locator resolved to hidden <input value="Exit" type="submit" onclick="popupBL_Deta…/>
  -   locator resolved to hidden <input value="Exit" type="submit" onclick="popupBL_Deta…/>
  -   locator resolved to hidden <input value="Exit" type="submit" onclick="popupBL_Deta…/>
  -   locator resolved to hidden <input value="Exit" type="submit" onclick="popupBL_Deta…/>
  -   locator resolved to hidden <input value="Exit" type="submit" onclick="popupBL_Deta…/>
  -   locator resolved to hidden <input value="Exit" type="submit" onclick="popupBL_Deta…/>
  -   locator resolved to hidden <input value="Exit" type="submit" onclick="popupBL_Deta…/>
  -   locator resolved to hidden <input value="Exit" type="submit" onclick="popupBL_Deta…/>
  -   locator resolved to hidden <input value="Exit" type="submit" onclick="popupBL_Deta…/>
  -   locator resolved to hidden <input value="Exit" type="submit" onclick="popupBL_Deta…/>
  -   locator resolved to hidden <input value="Exit" type="submit" onclick="popupBL_Deta…/>
  -   locator resolved to hidden <input value="Exit" type="submit" onclick="popupBL_Deta…/>
  -   locator resolved to hidden <input value="Exit" type="submit" onclick="popupBL_Deta…/>
  -   locator resolved to hidden <input value="Exit" type="submit" onclick="popupBL_Deta…/>
  -   locator resolved to hidden <input value="Exit" type="submit" onclick="popupBL_Deta…/>
  -   locator resolved to hidden <input value="Exit" type="submit" onclick="popupBL_Deta…/>
  -   locator resolved to hidden <input value="Exit" type="submit" onclick="popupBL_Deta…/>
  -   locator resolved to hidden <input value="Exit" type="submit" onclick="popupBL_Deta…/>
  -   locator resolved to hidden <input value="Exit" type="submit" onclick="popupBL_Deta…/>
  -   locator resolved to hidden <input value="Exit" type="submit" onclick="popupBL_Deta…/>
  -   locator resolved to hidden <input value="Exit" type="submit" onclick="popupBL_Deta…/>
  -   locator resolved to hidden <input value="Exit" type="submit" onclick="popupBL_Deta…/>
  -   locator resolved to hidden <input value="Exit" type="submit" onclick="popupBL_Deta…/>
  -   locator resolved to hidden <input value="Exit" type="submit" onclick="popupBL_Deta…/>
  -   locator resolved to hidden <input value="Exit" type="submit" onclick="popupBL_Deta…/>
  -   locator resolved to hidden <input value="Exit" type="submit" onclick="popupBL_Deta…/>
  -   locator resolved to hidden <input value="Exit" type="submit" onclick="popupBL_Deta…/>
  -   locator resolved to hidden <input value="Exit" type="submit" onclick="popupBL_Deta…/>
  -   locator resolved to hidden <input value="Exit" type="submit" onclick="popupBL_Deta…/>
  -   locator resolved to hidden <input value="Exit" type="submit" onclick="popupBL_Deta…/>
  -   locator resolved to hidden <input value="Exit" type="submit" onclick="popupBL_Deta…/>
  -   locator resolved to hidden <input value="Exit" type="submit" onclick="popupBL_Deta…/>
  -   locator resolved to hidden <input value="Exit" type="submit" onclick="popupBL_Deta…/>
  -   locator resolved to hidden <input value="Exit" type="submit" onclick="popupBL_Deta…/>
  -   locator resolved to hidden <input value="Exit" type="submit" onclick="popupBL_Deta…/>
  -   locator resolved to hidden <input value="Exit" type="submit" onclick="popupBL_Deta…/>
  -   locator resolved to hidden <input value="Exit" type="submit" onclick="popupBL_Deta…/>
  -   locator resolved to hidden <input value="Exit" type="submit" onclick="popupBL_Deta…/>
  -   locator resolved to hidden <input value="Exit" type="submit" onclick="popupBL_Deta…/>
  -   locator resolved to hidden <input value="Exit" type="submit" onclick="popupBL_Deta…/>
  -   locator resolved to hidden <input value="Exit" type="submit" onclick="popupBL_Deta…/>
  -   locator resolved to hidden <input value="Exit" type="submit" onclick="popupBL_Deta…/>
  -   locator resolved to hidden <input value="Exit" type="submit" onclick="popupBL_Deta…/>
  -   locator resolved to hidden <input value="Exit" type="submit" onclick="popupBL_Deta…/>
  -   locator resolved to hidden <input value="Exit" type="submit" onclick="popupBL_Deta…/>
  -   locator resolved to hidden <input value="Exit" type="submit" onclick="popupBL_Deta…/>
  -   locator resolved to hidden <input value="Exit" type="submit" onclick="popupBL_Deta…/>
  -   locator resolved to hidden <input value="Exit" type="submit" onclick="popupBL_Deta…/>
  -   locator resolved to hidden <input value="Exit" type="submit" onclick="popupBL_Deta…/>
  -   locator resolved to hidden <input value="Exit" type="submit" onclick="popupBL_Deta…/>
  -   locator resolved to hidden <input value="Exit" type="submit" onclick="popupBL_Deta…/>
  -   locator resolved to hidden <input value="Exit" type="submit" onclick="popupBL_Deta…/>
  -   locator resolved to hidden <input value="Exit" type="submit" onclick="popupBL_Deta…/>
  -   locator resolved to hidden <input value="Exit" type="submit" onclick="popupBL_Deta…/>
  -   locator resolved to hidden <input value="Exit" type="submit" onclick="popupBL_Deta…/>
  -   locator resolved to hidden <input value="Exit" type="submit" onclick="popupBL_Deta…/>
  -   locator resolved to hidden <input value="Exit" type="submit" onclick="popupBL_Deta…/>
  -   locator resolved to hidden <input value="Exit" type="submit" onclick="popupBL_Deta…/>
  -   locator resolved to hidden <input value="Exit" type="submit" onclick="popupBL_Deta…/>
  -   locator resolved to hidden <input value="Exit" type="submit" onclick="popupBL_Deta…/>
  -   locator resolved to hidden <input value="Exit" type="submit" onclick="popupBL_Deta…/>
  -   locator resolved to hidden <input value="Exit" type="submit" onclick="popupBL_Deta…/>
  -   locator resolved to hidden <input value="Exit" type="submit" onclick="popupBL_Deta…/>
  -   locator resolved to hidden <input value="Exit" type="submit" onclick="popupBL_Deta…/>
  -   locator resolved to hidden <input value="Exit" type="submit" onclick="popupBL_Deta…/>
  -   locator resolved to hidden <input value="Exit" type="submit" onclick="popupBL_Deta…/>
  -   locator resolved to hidden <input value="Exit" type="submit" onclick="popupBL_Deta…/>
  -   locator resolved to hidden <input value="Exit" type="submit" onclick="popupBL_Deta…/>
  -   locator resolved to hidden <input value="Exit" type="submit" onclick="popupBL_Deta…/>
  -   locator resolved to hidden <input value="Exit" type="submit" onclick="popupBL_Deta…/>
  -   locator resolved to hidden <input value="Exit" type="submit" onclick="popupBL_Deta…/>
  -   locator resolved to hidden <input value="Exit" type="submit" onclick="popupBL_Deta…/>
  -   locator resolved to hidden <input value="Exit" type="submit" onclick="popupBL_Deta…/>
  -   locator resolved to hidden <input value="Exit" type="submit" onclick="popupBL_Deta…/>
  -   locator resolved to hidden <input value="Exit" type="submit" onclick="popupBL_Deta…/>
  -   locator resolved to hidden <input value="Exit" type="submit" onclick="popupBL_Deta…/>
  -   locator resolved to hidden <input value="Exit" type="submit" onclick="popupBL_Deta…/>
  -   locator resolved to hidden <input value="Exit" type="submit" onclick="popupBL_Deta…/>
  -   locator resolved to hidden <input value="Exit" type="submit" onclick="popupBL_Deta…/>
  -   locator resolved to hidden <input value="Exit" type="submit" onclick="popupBL_Deta…/>
  -   locator resolved to hidden <input value="Exit" type="submit" onclick="popupBL_Deta…/>
  -   locator resolved to hidden <input value="Exit" type="submit" onclick="popupBL_Deta…/>
  -   locator resolved to hidden <input value="Exit" type="submit" onclick="popupBL_Deta…/>
  -   locator resolved to hidden <input value="Exit" type="submit" onclick="popupBL_Deta…/>
  -   locator resolved to hidden <input value="Exit" type="submit" onclick="popupBL_Deta…/>

06/25/2024 12:25:41 - root - ERROR - Error finding or clicking detail link: Locator.click: Timeout 30000ms exceeded.
Call log:
waiting for locator("//input[@name=\"ctl00$MainContent$View_ucSearch_By_BN$popupBL_Detail$callbackPanel_BL_Detail$btnDetailOKExit\"]")
  -   locator resolved to <input value="Exit" type="submit" onclick="popupBL_Deta…/>
  - attempting click action
  -   waiting for element to be visible, enabled and stable
  -   element is not visible
  - retrying click action, attempt #1
  -   waiting for element to be visible, enabled and stable
  -   element is not visible
  - retrying click action, attempt #2
  -   waiting 20ms
  -   waiting for element to be visible, enabled and stable
  -   element is not visible
  - retrying click action, attempt #3
  -   waiting 100ms
  -   waiting for element to be visible, enabled and stable
  -   element is not visible
  - retrying click action, attempt #4
  -   waiting 100ms
  -   waiting for element to be visible, enabled and stable
  -   element is not visible
  - retrying click action, attempt #5
  -   waiting 500ms
  -   waiting for element to be visible, enabled and stable
  -   element is not visible
  - retrying click action, attempt #6
  -   waiting 500ms
  -   waiting for element to be visible, enabled and stable
  -   element is not visible
  - retrying click action, attempt #7
  -   waiting 500ms
  -   waiting for element to be visible, enabled and stable
  -   element is not visible
  - retrying click action, attempt #8
  -   waiting 500ms
  -   waiting for element to be visible, enabled and stable
  -   element is not visible
  - retrying click action, attempt #9
  -   waiting 500ms
  -   waiting for element to be visible, enabled and stable
  -   element is not visible
  - retrying click action, attempt #10
  -   waiting 500ms
  -   waiting for element to be visible, enabled and stable
  -   element is not visible
  - retrying click action, attempt #11
  -   waiting 500ms
  -   waiting for element to be visible, enabled and stable
  -   element is not visible
  - retrying click action, attempt #12
  -   waiting 500ms
  -   waiting for element to be visible, enabled and stable
  -   element is not visible
  - retrying click action, attempt #13
  -   waiting 500ms
  -   waiting for element to be visible, enabled and stable
  -   element is not visible
  - retrying click action, attempt #14
  -   waiting 500ms
  -   waiting for element to be visible, enabled and stable
  -   element is not visible
  - retrying click action, attempt #15
  -   waiting 500ms
  -   waiting for element to be visible, enabled and stable
  -   element is not visible
  - retrying click action, attempt #16
  -   waiting 500ms
  -   waiting for element to be visible, enabled and stable
  -   element is not visible
  - retrying click action, attempt #17
  -   waiting 500ms
  -   waiting for element to be visible, enabled and stable
  -   element is not visible
  - retrying click action, attempt #18
  -   waiting 500ms
  -   waiting for element to be visible, enabled and stable
  -   element is not visible
  - retrying click action, attempt #19
  -   waiting 500ms
  -   waiting for element to be visible, enabled and stable
  -   element is not visible
  - retrying click action, attempt #20
  -   waiting 500ms
  -   waiting for element to be visible, enabled and stable
  -   element is not visible
  - retrying click action, attempt #21
  -   waiting 500ms
  -   waiting for element to be visible, enabled and stable
  -   element is not visible
  - retrying click action, attempt #22
  -   waiting 500ms
  -   waiting for element to be visible, enabled and stable
  -   element is not visible
  - retrying click action, attempt #23
  -   waiting 500ms
  -   waiting for element to be visible, enabled and stable
  -   element is not visible
  - retrying click action, attempt #24
  -   waiting 500ms
  -   waiting for element to be visible, enabled and stable
  -   element is not visible
  - retrying click action, attempt #25
  -   waiting 500ms
  -   waiting for element to be visible, enabled and stable
  -   element is not visible
  - retrying click action, attempt #26
  -   waiting 500ms
  -   waiting for element to be visible, enabled and stable
  -   element is not visible
  - retrying click action, attempt #27
  -   waiting 500ms
  -   waiting for element to be visible, enabled and stable
  -   element is not visible
  - retrying click action, attempt #28
  -   waiting 500ms
  -   waiting for element to be visible, enabled and stable
  -   element is not visible
  - retrying click action, attempt #29
  -   waiting 500ms
  -   waiting for element to be visible, enabled and stable
  -   element is not visible
  - retrying click action, attempt #30
  -   waiting 500ms
  -   waiting for element to be visible, enabled and stable
  -   element is not visible
  - retrying click action, attempt #31
  -   waiting 500ms
  -   waiting for element to be visible, enabled and stable
  -   element is not visible
  - retrying click action, attempt #32
  -   waiting 500ms
  -   waiting for element to be visible, enabled and stable
  -   element is not visible
  - retrying click action, attempt #33
  -   waiting 500ms
  -   waiting for element to be visible, enabled and stable
  -   element is not visible
  - retrying click action, attempt #34
  -   waiting 500ms
  -   waiting for element to be visible, enabled and stable
  -   element is not visible
  - retrying click action, attempt #35
  -   waiting 500ms
  -   waiting for element to be visible, enabled and stable
  -   element is not visible
  - retrying click action, attempt #36
  -   waiting 500ms
  -   waiting for element to be visible, enabled and stable
  -   element is not visible
  - retrying click action, attempt #37
  -   waiting 500ms
  -   waiting for element to be visible, enabled and stable
  -   element is not visible
  - retrying click action, attempt #38
  -   waiting 500ms
  -   waiting for element to be visible, enabled and stable
  -   element is not visible
  - retrying click action, attempt #39
  -   waiting 500ms
  -   waiting for element to be visible, enabled and stable
  -   element is not visible
  - retrying click action, attempt #40
  -   waiting 500ms
  -   waiting for element to be visible, enabled and stable
  -   element is not visible
  - retrying click action, attempt #41
  -   waiting 500ms
  -   waiting for element to be visible, enabled and stable
  -   element is not visible
  - retrying click action, attempt #42
  -   waiting 500ms
  -   waiting for element to be visible, enabled and stable
  -   element is not visible
  - retrying click action, attempt #43
  -   waiting 500ms
  -   waiting for element to be visible, enabled and stable
  -   element is not visible
  - retrying click action, attempt #44
  -   waiting 500ms
  -   waiting for element to be visible, enabled and stable
  -   element is not visible
  - retrying click action, attempt #45
  -   waiting 500ms
  -   waiting for element to be visible, enabled and stable
  -   element is not visible
  - retrying click action, attempt #46
  -   waiting 500ms
  -   waiting for element to be visible, enabled and stable
  -   element is not visible
  - retrying click action, attempt #47
  -   waiting 500ms
  -   waiting for element to be visible, enabled and stable
  -   element is not visible
  - retrying click action, attempt #48
  -   waiting 500ms
  -   waiting for element to be visible, enabled and stable
  -   element is not visible
  - retrying click action, attempt #49
  -   waiting 500ms
  -   waiting for element to be visible, enabled and stable
  -   element is not visible
  - retrying click action, attempt #50
  -   waiting 500ms
  -   waiting for element to be visible, enabled and stable
  -   element is not visible
  - retrying click action, attempt #51
  -   waiting 500ms
  -   waiting for element to be visible, enabled and stable
  -   element is not visible
  - retrying click action, attempt #52
  -   waiting 500ms
  -   waiting for element to be visible, enabled and stable
  -   element is not visible
  - retrying click action, attempt #53
  -   waiting 500ms
  -   waiting for element to be visible, enabled and stable
  -   element is not visible
  - retrying click action, attempt #54
  -   waiting 500ms
  -   waiting for element to be visible, enabled and stable
  -   element is not visible
  - retrying click action, attempt #55
  -   waiting 500ms
  -   waiting for element to be visible, enabled and stable
  -   element is not visible
  - retrying click action, attempt #56
  -   waiting 500ms
  -   waiting for element to be visible, enabled and stable
  -   element is not visible
  - retrying click action, attempt #57
  -   waiting 500ms
  -   waiting for element to be visible, enabled and stable
  -   element is not visible
  - retrying click action, attempt #58
  -   waiting 500ms
  -   waiting for element to be visible, enabled and stable
  -   element is not visible
  - retrying click action, attempt #59
  -   waiting 500ms
  -   waiting for element to be visible, enabled and stable
  -   element is not visible
  - retrying click action, attempt #60
  -   waiting 500ms

06/25/2024 12:25:41 - root - WARNING - This btn was disabled
06/25/2024 12:25:41 - root - WARNING - This btn was disabled
06/25/2024 12:25:41 - root - WARNING - This btn was disabled
06/25/2024 12:25:41 - root - WARNING - This btn was disabled
06/25/2024 12:25:55 - root - INFO - Clicked on detail btn successfully: 16
06/25/2024 12:26:00 - root - INFO - Found data: {'CBLs No': '10022964', 'BL Local No': '16018', 'Bussiness Name': 'AL FAN AL RAQI CLOTHES IRONING', 'Legal Type': 'Establishments', 'Is Branch': 'No', 'Parent BL NO': None, 'ES.DATE': '02/02/2005', 'Expiry Date': '30/08/2024', 'BA Description': 'Clothes Washing,Clothes Ironing,', 'Economic Department': 'Fujairah Municipality', 'Registration ED Branch': 'Head Office-Fujairah Municipality', 'Mobile No': '00971504906644', 'Phone NO': '00971504906644', 'Status': 'Active', 'PO Box': None, 'Email': None, 'Website': None, 'Full Address': ', \u0627\u0644\u0642\u0631\u064a\u0629, \u0627\u0644\u0642\u0631\u064a\u0629'}
